Analysis & Synthesis report for DE1_SOC
Mon Nov 11 14:20:15 2019
Quartus Prime Version 19.1.0 Build 670 09/22/2019 SJ Lite Edition


---------------------
; Table of Contents ;
---------------------
  1. Legal Notice
  2. Analysis & Synthesis Summary
  3. Analysis & Synthesis Settings
  4. Parallel Compilation
  5. Analysis & Synthesis Source Files Read
  6. Analysis & Synthesis Resource Usage Summary
  7. Analysis & Synthesis Resource Utilization by Entity
  8. Analysis & Synthesis RAM Summary
  9. Registers Removed During Synthesis
 10. General Register Statistics
 11. Registers Packed Into Inferred Megafunctions
 12. Source assignments for ram_single:ram_mem|altsyncram:mem_rtl_0|altsyncram_09n1:auto_generated
 13. Parameter Settings for Inferred Entity Instance: ram_single:ram_mem|altsyncram:mem_rtl_0
 14. altsyncram Parameter Settings by Entity Instance
 15. Post-Synthesis Netlist Statistics for Top Partition
 16. Elapsed Time Per Partition
 17. Analysis & Synthesis Messages



----------------
; Legal Notice ;
----------------
Copyright (C) 2019  Intel Corporation. All rights reserved.
Your use of Intel Corporation's design tools, logic functions 
and other software and tools, and any partner logic 
functions, and any output files from any of the foregoing 
(including device programming or simulation files), and any 
associated documentation or information are expressly subject 
to the terms and conditions of the Intel Program License 
Subscription Agreement, the Intel Quartus Prime License Agreement,
the Intel FPGA IP License Agreement, or other applicable license
agreement, including, without limitation, that your use is for
the sole purpose of programming logic devices manufactured by
Intel and sold by Intel or its authorized distributors.  Please
refer to the applicable agreement for further details, at
https://fpgasoftware.intel.com/eula.



+-------------------------------------------------------------------------------+
; Analysis & Synthesis Summary                                                  ;
+---------------------------------+---------------------------------------------+
; Analysis & Synthesis Status     ; Successful - Mon Nov 11 14:20:15 2019       ;
; Quartus Prime Version           ; 19.1.0 Build 670 09/22/2019 SJ Lite Edition ;
; Revision Name                   ; DE1_SOC                                     ;
; Top-level Entity Name           ; DE1_SOC                                     ;
; Family                          ; Cyclone V                                   ;
; Logic utilization (in ALMs)     ; N/A                                         ;
; Total registers                 ; 19                                          ;
; Total pins                      ; 109                                         ;
; Total virtual pins              ; 0                                           ;
; Total block memory bits         ; 8,192                                       ;
; Total DSP Blocks                ; 0                                           ;
; Total HSSI RX PCSs              ; 0                                           ;
; Total HSSI PMA RX Deserializers ; 0                                           ;
; Total HSSI TX PCSs              ; 0                                           ;
; Total HSSI PMA TX Serializers   ; 0                                           ;
; Total PLLs                      ; 0                                           ;
; Total DLLs                      ; 0                                           ;
+---------------------------------+---------------------------------------------+


+---------------------------------------------------------------------------------------------------------------------------+
; Analysis & Synthesis Settings                                                                                             ;
+---------------------------------------------------------------------------------+--------------------+--------------------+
; Option                                                                          ; Setting            ; Default Value      ;
+---------------------------------------------------------------------------------+--------------------+--------------------+
; Device                                                                          ; 5CSEMA5F31C6       ;                    ;
; Top-level entity name                                                           ; DE1_SOC            ; DE1_SOC            ;
; Family name                                                                     ; Cyclone V          ; Cyclone V          ;
; Use smart compilation                                                           ; Off                ; Off                ;
; Enable parallel Assembler and Timing Analyzer during compilation                ; On                 ; On                 ;
; Enable compact report table                                                     ; Off                ; Off                ;
; Restructure Multiplexers                                                        ; Auto               ; Auto               ;
; MLAB Add Timing Constraints For Mixed-Port Feed-Through Mode Setting Don't Care ; Off                ; Off                ;
; Create Debugging Nodes for IP Cores                                             ; Off                ; Off                ;
; Preserve fewer node names                                                       ; On                 ; On                 ;
; Intel FPGA IP Evaluation Mode                                                   ; Enable             ; Enable             ;
; Verilog Version                                                                 ; Verilog_2001       ; Verilog_2001       ;
; VHDL Version                                                                    ; VHDL_1993          ; VHDL_1993          ;
; State Machine Processing                                                        ; Auto               ; Auto               ;
; Safe State Machine                                                              ; Off                ; Off                ;
; Extract Verilog State Machines                                                  ; On                 ; On                 ;
; Extract VHDL State Machines                                                     ; On                 ; On                 ;
; Ignore Verilog initial constructs                                               ; Off                ; Off                ;
; Iteration limit for constant Verilog loops                                      ; 5000               ; 5000               ;
; Iteration limit for non-constant Verilog loops                                  ; 250                ; 250                ;
; Add Pass-Through Logic to Inferred RAMs                                         ; On                 ; On                 ;
; Infer RAMs from Raw Logic                                                       ; On                 ; On                 ;
; Parallel Synthesis                                                              ; On                 ; On                 ;
; DSP Block Balancing                                                             ; Auto               ; Auto               ;
; NOT Gate Push-Back                                                              ; On                 ; On                 ;
; Power-Up Don't Care                                                             ; On                 ; On                 ;
; Remove Redundant Logic Cells                                                    ; Off                ; Off                ;
; Remove Duplicate Registers                                                      ; On                 ; On                 ;
; Ignore CARRY Buffers                                                            ; Off                ; Off                ;
; Ignore CASCADE Buffers                                                          ; Off                ; Off                ;
; Ignore GLOBAL Buffers                                                           ; Off                ; Off                ;
; Ignore ROW GLOBAL Buffers                                                       ; Off                ; Off                ;
; Ignore LCELL Buffers                                                            ; Off                ; Off                ;
; Ignore SOFT Buffers                                                             ; On                 ; On                 ;
; Limit AHDL Integers to 32 Bits                                                  ; Off                ; Off                ;
; Optimization Technique                                                          ; Balanced           ; Balanced           ;
; Carry Chain Length                                                              ; 70                 ; 70                 ;
; Auto Carry Chains                                                               ; On                 ; On                 ;
; Auto Open-Drain Pins                                                            ; On                 ; On                 ;
; Perform WYSIWYG Primitive Resynthesis                                           ; Off                ; Off                ;
; Auto ROM Replacement                                                            ; On                 ; On                 ;
; Auto RAM Replacement                                                            ; On                 ; On                 ;
; Auto DSP Block Replacement                                                      ; On                 ; On                 ;
; Auto Shift Register Replacement                                                 ; Auto               ; Auto               ;
; Allow Shift Register Merging across Hierarchies                                 ; Auto               ; Auto               ;
; Auto Clock Enable Replacement                                                   ; On                 ; On                 ;
; Strict RAM Replacement                                                          ; Off                ; Off                ;
; Allow Synchronous Control Signals                                               ; On                 ; On                 ;
; Force Use of Synchronous Clear Signals                                          ; Off                ; Off                ;
; Auto Resource Sharing                                                           ; Off                ; Off                ;
; Allow Any RAM Size For Recognition                                              ; Off                ; Off                ;
; Allow Any ROM Size For Recognition                                              ; Off                ; Off                ;
; Allow Any Shift Register Size For Recognition                                   ; Off                ; Off                ;
; Use LogicLock Constraints during Resource Balancing                             ; On                 ; On                 ;
; Ignore translate_off and synthesis_off directives                               ; Off                ; Off                ;
; Timing-Driven Synthesis                                                         ; On                 ; On                 ;
; Report Parameter Settings                                                       ; On                 ; On                 ;
; Report Source Assignments                                                       ; On                 ; On                 ;
; Report Connectivity Checks                                                      ; On                 ; On                 ;
; Ignore Maximum Fan-Out Assignments                                              ; Off                ; Off                ;
; Synchronization Register Chain Length                                           ; 3                  ; 3                  ;
; Power Optimization During Synthesis                                             ; Normal compilation ; Normal compilation ;
; HDL message level                                                               ; Level2             ; Level2             ;
; Suppress Register Optimization Related Messages                                 ; Off                ; Off                ;
; Number of Removed Registers Reported in Synthesis Report                        ; 5000               ; 5000               ;
; Number of Swept Nodes Reported in Synthesis Report                              ; 5000               ; 5000               ;
; Number of Inverted Registers Reported in Synthesis Report                       ; 100                ; 100                ;
; Clock MUX Protection                                                            ; On                 ; On                 ;
; Auto Gated Clock Conversion                                                     ; Off                ; Off                ;
; Block Design Naming                                                             ; Auto               ; Auto               ;
; SDC constraint protection                                                       ; Off                ; Off                ;
; Synthesis Effort                                                                ; Auto               ; Auto               ;
; Shift Register Replacement - Allow Asynchronous Clear Signal                    ; On                 ; On                 ;
; Pre-Mapping Resynthesis Optimization                                            ; Off                ; Off                ;
; Analysis & Synthesis Message Level                                              ; Medium             ; Medium             ;
; Disable Register Merging Across Hierarchies                                     ; Auto               ; Auto               ;
; Resource Aware Inference For Block RAM                                          ; On                 ; On                 ;
; Automatic Parallel Synthesis                                                    ; On                 ; On                 ;
; Partial Reconfiguration Bitstream ID                                            ; Off                ; Off                ;
+---------------------------------------------------------------------------------+--------------------+--------------------+


+------------------------------------------+
; Parallel Compilation                     ;
+----------------------------+-------------+
; Processors                 ; Number      ;
+----------------------------+-------------+
; Number detected on machine ; 12          ;
; Maximum allowed            ; 12          ;
;                            ;             ;
; Average used               ; 1.00        ;
; Maximum used               ; 12          ;
;                            ;             ;
; Usage by Processor         ; % Time Used ;
;     Processor 1            ; 100.0%      ;
;     Processor 2            ;   0.0%      ;
;     Processors 3-12        ;   0.0%      ;
+----------------------------+-------------+


+-----------------------------------------------------------------------------------------------------------------------------------------------------------------------------------------+
; Analysis & Synthesis Source Files Read                                                                                                                                                  ;
+----------------------------------+-----------------+------------------------------+-------------------------------------------------------------------------------------------+---------+
; File Name with User-Entered Path ; Used in Netlist ; File Type                    ; File Name with Absolute Path                                                              ; Library ;
+----------------------------------+-----------------+------------------------------+-------------------------------------------------------------------------------------------+---------+
; DE1_SOC.v                        ; yes             ; Auto-Found Verilog HDL File  ; /home/mikowalik/Desktop/studia/informatyka/FPGA/assignment5/e1/DE1_SOC.v                  ;         ;
; altsyncram.tdf                   ; yes             ; Megafunction                 ; /home/mikowalik/intelFPGA_lite/19.1/quartus/libraries/megafunctions/altsyncram.tdf        ;         ;
; stratix_ram_block.inc            ; yes             ; Megafunction                 ; /home/mikowalik/intelFPGA_lite/19.1/quartus/libraries/megafunctions/stratix_ram_block.inc ;         ;
; lpm_mux.inc                      ; yes             ; Megafunction                 ; /home/mikowalik/intelFPGA_lite/19.1/quartus/libraries/megafunctions/lpm_mux.inc           ;         ;
; lpm_decode.inc                   ; yes             ; Megafunction                 ; /home/mikowalik/intelFPGA_lite/19.1/quartus/libraries/megafunctions/lpm_decode.inc        ;         ;
; aglobal191.inc                   ; yes             ; Megafunction                 ; /home/mikowalik/intelFPGA_lite/19.1/quartus/libraries/megafunctions/aglobal191.inc        ;         ;
; a_rdenreg.inc                    ; yes             ; Megafunction                 ; /home/mikowalik/intelFPGA_lite/19.1/quartus/libraries/megafunctions/a_rdenreg.inc         ;         ;
; altrom.inc                       ; yes             ; Megafunction                 ; /home/mikowalik/intelFPGA_lite/19.1/quartus/libraries/megafunctions/altrom.inc            ;         ;
; altram.inc                       ; yes             ; Megafunction                 ; /home/mikowalik/intelFPGA_lite/19.1/quartus/libraries/megafunctions/altram.inc            ;         ;
; altdpram.inc                     ; yes             ; Megafunction                 ; /home/mikowalik/intelFPGA_lite/19.1/quartus/libraries/megafunctions/altdpram.inc          ;         ;
; db/altsyncram_09n1.tdf           ; yes             ; Auto-Generated Megafunction  ; /home/mikowalik/Desktop/studia/informatyka/FPGA/assignment5/e1/db/altsyncram_09n1.tdf     ;         ;
+----------------------------------+-----------------+------------------------------+-------------------------------------------------------------------------------------------+---------+


+-------------------------------------------------------------+
; Analysis & Synthesis Resource Usage Summary                 ;
+---------------------------------------------+---------------+
; Resource                                    ; Usage         ;
+---------------------------------------------+---------------+
; Estimate of Logic utilization (ALMs needed) ; 44            ;
;                                             ;               ;
; Combinational ALUT usage for logic          ; 84            ;
;     -- 7 input functions                    ; 0             ;
;     -- 6 input functions                    ; 0             ;
;     -- 5 input functions                    ; 0             ;
;     -- 4 input functions                    ; 52            ;
;     -- <=3 input functions                  ; 32            ;
;                                             ;               ;
; Dedicated logic registers                   ; 19            ;
;                                             ;               ;
; I/O pins                                    ; 109           ;
; Total MLAB memory bits                      ; 0             ;
; Total block memory bits                     ; 8192          ;
;                                             ;               ;
; Total DSP Blocks                            ; 0             ;
;                                             ;               ;
; Maximum fan-out node                        ; address[9]~49 ;
; Maximum fan-out                             ; 30            ;
; Total fan-out                               ; 610           ;
; Average fan-out                             ; 1.77          ;
+---------------------------------------------+---------------+


+-----------------------------------------------------------------------------------------------------------------------------------------------------------------------------------------------------------------------------------------------------------------------+
; Analysis & Synthesis Resource Utilization by Entity                                                                                                                                                                                                                   ;
+-------------------------------------------+---------------------+---------------------------+-------------------+------------+------+--------------+---------------------------------------------------------------------------------+-----------------+--------------+
; Compilation Hierarchy Node                ; Combinational ALUTs ; Dedicated Logic Registers ; Block Memory Bits ; DSP Blocks ; Pins ; Virtual Pins ; Full Hierarchy Name                                                             ; Entity Name     ; Library Name ;
+-------------------------------------------+---------------------+---------------------------+-------------------+------------+------+--------------+---------------------------------------------------------------------------------+-----------------+--------------+
; |DE1_SOC                                  ; 84 (42)             ; 19 (19)                   ; 8192              ; 0          ; 109  ; 0            ; |DE1_SOC                                                                        ; DE1_SOC         ; work         ;
;    |display_byte:address_display|         ; 14 (14)             ; 0 (0)                     ; 0                 ; 0          ; 0    ; 0            ; |DE1_SOC|display_byte:address_display                                           ; display_byte    ; work         ;
;    |display_byte:data_display|            ; 14 (14)             ; 0 (0)                     ; 0                 ; 0          ; 0    ; 0            ; |DE1_SOC|display_byte:data_display                                              ; display_byte    ; work         ;
;    |display_byte:sw_display|              ; 14 (14)             ; 0 (0)                     ; 0                 ; 0          ; 0    ; 0            ; |DE1_SOC|display_byte:sw_display                                                ; display_byte    ; work         ;
;    |ram_single:ram_mem|                   ; 0 (0)               ; 0 (0)                     ; 8192              ; 0          ; 0    ; 0            ; |DE1_SOC|ram_single:ram_mem                                                     ; ram_single      ; work         ;
;       |altsyncram:mem_rtl_0|              ; 0 (0)               ; 0 (0)                     ; 8192              ; 0          ; 0    ; 0            ; |DE1_SOC|ram_single:ram_mem|altsyncram:mem_rtl_0                                ; altsyncram      ; work         ;
;          |altsyncram_09n1:auto_generated| ; 0 (0)               ; 0 (0)                     ; 8192              ; 0          ; 0    ; 0            ; |DE1_SOC|ram_single:ram_mem|altsyncram:mem_rtl_0|altsyncram_09n1:auto_generated ; altsyncram_09n1 ; work         ;
+-------------------------------------------+---------------------+---------------------------+-------------------+------------+------+--------------+---------------------------------------------------------------------------------+-----------------+--------------+
Note: For table entries with two numbers listed, the numbers in parentheses indicate the number of resources of the given type used by the specific entity alone. The numbers listed outside of parentheses indicate the total resources of the given type used by the specific entity and all of its sub-entities in the hierarchy.


+---------------------------------------------------------------------------------------------------------------------------------------------------------------------------------------+
; Analysis & Synthesis RAM Summary                                                                                                                                                      ;
+-----------------------------------------------------------------------------------+------+------------------+--------------+--------------+--------------+--------------+------+------+
; Name                                                                              ; Type ; Mode             ; Port A Depth ; Port A Width ; Port B Depth ; Port B Width ; Size ; MIF  ;
+-----------------------------------------------------------------------------------+------+------------------+--------------+--------------+--------------+--------------+------+------+
; ram_single:ram_mem|altsyncram:mem_rtl_0|altsyncram_09n1:auto_generated|ALTSYNCRAM ; AUTO ; Simple Dual Port ; 1024         ; 8            ; 1024         ; 8            ; 8192 ; None ;
+-----------------------------------------------------------------------------------+------+------------------+--------------+--------------+--------------+--------------+------+------+


+--------------------------------------------------------------------------------+
; Registers Removed During Synthesis                                             ;
+-----------------------------------------+--------------------------------------+
; Register name                           ; Reason for Removal                   ;
+-----------------------------------------+--------------------------------------+
; display_byte:address_display|digit~0    ; Stuck at GND due to stuck port clock ;
; display_byte:address_display|digit~1    ; Stuck at GND due to stuck port clock ;
; display_byte:address_display|digit~2    ; Stuck at GND due to stuck port clock ;
; display_byte:address_display|digit~3    ; Stuck at GND due to stuck port clock ;
; display_byte:address_display|digit~4    ; Stuck at GND due to stuck port clock ;
; display_byte:address_display|digit~5    ; Stuck at GND due to stuck port clock ;
; display_byte:address_display|digit~6    ; Stuck at GND due to stuck port clock ;
; display_byte:address_display|digit~7    ; Stuck at GND due to stuck port clock ;
; display_byte:address_display|digit~8    ; Stuck at GND due to stuck port clock ;
; display_byte:address_display|digit~9    ; Stuck at GND due to stuck port clock ;
; display_byte:address_display|digit~10   ; Stuck at GND due to stuck port clock ;
; display_byte:address_display|digit~11   ; Stuck at GND due to stuck port clock ;
; display_byte:address_display|digit~12   ; Stuck at GND due to stuck port clock ;
; display_byte:address_display|digit~13   ; Stuck at GND due to stuck port clock ;
; display_byte:address_display|digit~14   ; Stuck at GND due to stuck port clock ;
; display_byte:address_display|digit~15   ; Stuck at GND due to stuck port clock ;
; display_byte:address_display|digit~16   ; Stuck at GND due to stuck port clock ;
; display_byte:address_display|digit~17   ; Stuck at GND due to stuck port clock ;
; display_byte:address_display|digit~18   ; Stuck at GND due to stuck port clock ;
; display_byte:address_display|digit~19   ; Stuck at GND due to stuck port clock ;
; display_byte:address_display|digit~20   ; Stuck at GND due to stuck port clock ;
; display_byte:address_display|digit~21   ; Stuck at GND due to stuck port clock ;
; display_byte:address_display|digit~22   ; Stuck at GND due to stuck port clock ;
; display_byte:address_display|digit~23   ; Stuck at GND due to stuck port clock ;
; display_byte:address_display|digit~24   ; Stuck at GND due to stuck port clock ;
; display_byte:address_display|digit~25   ; Stuck at GND due to stuck port clock ;
; display_byte:address_display|digit~26   ; Stuck at GND due to stuck port clock ;
; display_byte:address_display|digit~27   ; Stuck at GND due to stuck port clock ;
; display_byte:address_display|digit~28   ; Stuck at GND due to stuck port clock ;
; display_byte:address_display|digit~29   ; Stuck at GND due to stuck port clock ;
; display_byte:address_display|digit~30   ; Stuck at GND due to stuck port clock ;
; display_byte:address_display|digit~31   ; Stuck at GND due to stuck port clock ;
; display_byte:address_display|digit~32   ; Stuck at GND due to stuck port clock ;
; display_byte:address_display|digit~33   ; Stuck at GND due to stuck port clock ;
; display_byte:address_display|digit~34   ; Stuck at GND due to stuck port clock ;
; display_byte:address_display|digit~35   ; Stuck at GND due to stuck port clock ;
; display_byte:address_display|digit~36   ; Stuck at GND due to stuck port clock ;
; display_byte:address_display|digit~37   ; Stuck at GND due to stuck port clock ;
; display_byte:address_display|digit~38   ; Stuck at GND due to stuck port clock ;
; display_byte:address_display|digit~39   ; Stuck at GND due to stuck port clock ;
; display_byte:address_display|digit~40   ; Stuck at GND due to stuck port clock ;
; display_byte:address_display|digit~41   ; Stuck at GND due to stuck port clock ;
; display_byte:address_display|digit~42   ; Stuck at GND due to stuck port clock ;
; display_byte:address_display|digit~43   ; Stuck at GND due to stuck port clock ;
; display_byte:address_display|digit~44   ; Stuck at GND due to stuck port clock ;
; display_byte:address_display|digit~45   ; Stuck at GND due to stuck port clock ;
; display_byte:address_display|digit~46   ; Stuck at GND due to stuck port clock ;
; display_byte:address_display|digit~47   ; Stuck at GND due to stuck port clock ;
; display_byte:address_display|digit~48   ; Stuck at GND due to stuck port clock ;
; display_byte:address_display|digit~49   ; Stuck at GND due to stuck port clock ;
; display_byte:address_display|digit~50   ; Stuck at GND due to stuck port clock ;
; display_byte:address_display|digit~51   ; Stuck at GND due to stuck port clock ;
; display_byte:address_display|digit~52   ; Stuck at GND due to stuck port clock ;
; display_byte:address_display|digit~53   ; Stuck at GND due to stuck port clock ;
; display_byte:address_display|digit~54   ; Stuck at GND due to stuck port clock ;
; display_byte:address_display|digit~55   ; Stuck at GND due to stuck port clock ;
; display_byte:address_display|digit~56   ; Stuck at GND due to stuck port clock ;
; display_byte:address_display|digit~57   ; Stuck at GND due to stuck port clock ;
; display_byte:address_display|digit~58   ; Stuck at GND due to stuck port clock ;
; display_byte:address_display|digit~59   ; Stuck at GND due to stuck port clock ;
; display_byte:address_display|digit~60   ; Stuck at GND due to stuck port clock ;
; display_byte:address_display|digit~61   ; Stuck at GND due to stuck port clock ;
; display_byte:address_display|digit~62   ; Stuck at GND due to stuck port clock ;
; display_byte:address_display|digit~63   ; Stuck at GND due to stuck port clock ;
; display_byte:address_display|digit~64   ; Stuck at GND due to stuck port clock ;
; display_byte:address_display|digit~65   ; Stuck at GND due to stuck port clock ;
; display_byte:address_display|digit~66   ; Stuck at GND due to stuck port clock ;
; display_byte:address_display|digit~67   ; Stuck at GND due to stuck port clock ;
; display_byte:address_display|digit~68   ; Stuck at GND due to stuck port clock ;
; display_byte:address_display|digit~69   ; Stuck at GND due to stuck port clock ;
; display_byte:address_display|digit~70   ; Stuck at GND due to stuck port clock ;
; display_byte:address_display|digit~71   ; Stuck at GND due to stuck port clock ;
; display_byte:address_display|digit~72   ; Stuck at GND due to stuck port clock ;
; display_byte:address_display|digit~73   ; Stuck at GND due to stuck port clock ;
; display_byte:address_display|digit~74   ; Stuck at GND due to stuck port clock ;
; display_byte:address_display|digit~75   ; Stuck at GND due to stuck port clock ;
; display_byte:address_display|digit~76   ; Stuck at GND due to stuck port clock ;
; display_byte:address_display|digit~77   ; Stuck at GND due to stuck port clock ;
; display_byte:address_display|digit~78   ; Stuck at GND due to stuck port clock ;
; display_byte:address_display|digit~79   ; Stuck at GND due to stuck port clock ;
; display_byte:address_display|digit~80   ; Stuck at GND due to stuck port clock ;
; display_byte:address_display|digit~81   ; Stuck at GND due to stuck port clock ;
; display_byte:address_display|digit~82   ; Stuck at GND due to stuck port clock ;
; display_byte:address_display|digit~83   ; Stuck at GND due to stuck port clock ;
; display_byte:address_display|digit~84   ; Stuck at GND due to stuck port clock ;
; display_byte:address_display|digit~85   ; Stuck at GND due to stuck port clock ;
; display_byte:address_display|digit~86   ; Stuck at GND due to stuck port clock ;
; display_byte:address_display|digit~87   ; Stuck at GND due to stuck port clock ;
; display_byte:address_display|digit~88   ; Stuck at GND due to stuck port clock ;
; display_byte:address_display|digit~89   ; Stuck at GND due to stuck port clock ;
; display_byte:address_display|digit~90   ; Stuck at GND due to stuck port clock ;
; display_byte:address_display|digit~91   ; Stuck at GND due to stuck port clock ;
; display_byte:address_display|digit~92   ; Stuck at GND due to stuck port clock ;
; display_byte:address_display|digit~93   ; Stuck at GND due to stuck port clock ;
; display_byte:address_display|digit~94   ; Stuck at GND due to stuck port clock ;
; display_byte:address_display|digit~95   ; Stuck at GND due to stuck port clock ;
; display_byte:address_display|digit~96   ; Stuck at GND due to stuck port clock ;
; display_byte:address_display|digit~97   ; Stuck at GND due to stuck port clock ;
; display_byte:address_display|digit~98   ; Stuck at GND due to stuck port clock ;
; display_byte:address_display|digit~99   ; Stuck at GND due to stuck port clock ;
; display_byte:address_display|digit~100  ; Stuck at GND due to stuck port clock ;
; display_byte:address_display|digit~101  ; Stuck at GND due to stuck port clock ;
; display_byte:address_display|digit~102  ; Stuck at GND due to stuck port clock ;
; display_byte:address_display|digit~103  ; Stuck at GND due to stuck port clock ;
; display_byte:address_display|digit~104  ; Stuck at GND due to stuck port clock ;
; display_byte:address_display|digit~105  ; Stuck at GND due to stuck port clock ;
; display_byte:address_display|digit~106  ; Stuck at GND due to stuck port clock ;
; display_byte:address_display|digit~107  ; Stuck at GND due to stuck port clock ;
; display_byte:address_display|digit~108  ; Stuck at GND due to stuck port clock ;
; display_byte:address_display|digit~109  ; Stuck at GND due to stuck port clock ;
; display_byte:address_display|digit~110  ; Stuck at GND due to stuck port clock ;
; display_byte:address_display|digit~111  ; Stuck at GND due to stuck port clock ;
; display_byte:data_display|digit~0       ; Stuck at GND due to stuck port clock ;
; display_byte:data_display|digit~1       ; Stuck at GND due to stuck port clock ;
; display_byte:data_display|digit~2       ; Stuck at GND due to stuck port clock ;
; display_byte:data_display|digit~3       ; Stuck at GND due to stuck port clock ;
; display_byte:data_display|digit~4       ; Stuck at GND due to stuck port clock ;
; display_byte:data_display|digit~5       ; Stuck at GND due to stuck port clock ;
; display_byte:data_display|digit~6       ; Stuck at GND due to stuck port clock ;
; display_byte:data_display|digit~7       ; Stuck at GND due to stuck port clock ;
; display_byte:data_display|digit~8       ; Stuck at GND due to stuck port clock ;
; display_byte:data_display|digit~9       ; Stuck at GND due to stuck port clock ;
; display_byte:data_display|digit~10      ; Stuck at GND due to stuck port clock ;
; display_byte:data_display|digit~11      ; Stuck at GND due to stuck port clock ;
; display_byte:data_display|digit~12      ; Stuck at GND due to stuck port clock ;
; display_byte:data_display|digit~13      ; Stuck at GND due to stuck port clock ;
; display_byte:data_display|digit~14      ; Stuck at GND due to stuck port clock ;
; display_byte:data_display|digit~15      ; Stuck at GND due to stuck port clock ;
; display_byte:data_display|digit~16      ; Stuck at GND due to stuck port clock ;
; display_byte:data_display|digit~17      ; Stuck at GND due to stuck port clock ;
; display_byte:data_display|digit~18      ; Stuck at GND due to stuck port clock ;
; display_byte:data_display|digit~19      ; Stuck at GND due to stuck port clock ;
; display_byte:data_display|digit~20      ; Stuck at GND due to stuck port clock ;
; display_byte:data_display|digit~21      ; Stuck at GND due to stuck port clock ;
; display_byte:data_display|digit~22      ; Stuck at GND due to stuck port clock ;
; display_byte:data_display|digit~23      ; Stuck at GND due to stuck port clock ;
; display_byte:data_display|digit~24      ; Stuck at GND due to stuck port clock ;
; display_byte:data_display|digit~25      ; Stuck at GND due to stuck port clock ;
; display_byte:data_display|digit~26      ; Stuck at GND due to stuck port clock ;
; display_byte:data_display|digit~27      ; Stuck at GND due to stuck port clock ;
; display_byte:data_display|digit~28      ; Stuck at GND due to stuck port clock ;
; display_byte:data_display|digit~29      ; Stuck at GND due to stuck port clock ;
; display_byte:data_display|digit~30      ; Stuck at GND due to stuck port clock ;
; display_byte:data_display|digit~31      ; Stuck at GND due to stuck port clock ;
; display_byte:data_display|digit~32      ; Stuck at GND due to stuck port clock ;
; display_byte:data_display|digit~33      ; Stuck at GND due to stuck port clock ;
; display_byte:data_display|digit~34      ; Stuck at GND due to stuck port clock ;
; display_byte:data_display|digit~35      ; Stuck at GND due to stuck port clock ;
; display_byte:data_display|digit~36      ; Stuck at GND due to stuck port clock ;
; display_byte:data_display|digit~37      ; Stuck at GND due to stuck port clock ;
; display_byte:data_display|digit~38      ; Stuck at GND due to stuck port clock ;
; display_byte:data_display|digit~39      ; Stuck at GND due to stuck port clock ;
; display_byte:data_display|digit~40      ; Stuck at GND due to stuck port clock ;
; display_byte:data_display|digit~41      ; Stuck at GND due to stuck port clock ;
; display_byte:data_display|digit~42      ; Stuck at GND due to stuck port clock ;
; display_byte:data_display|digit~43      ; Stuck at GND due to stuck port clock ;
; display_byte:data_display|digit~44      ; Stuck at GND due to stuck port clock ;
; display_byte:data_display|digit~45      ; Stuck at GND due to stuck port clock ;
; display_byte:data_display|digit~46      ; Stuck at GND due to stuck port clock ;
; display_byte:data_display|digit~47      ; Stuck at GND due to stuck port clock ;
; display_byte:data_display|digit~48      ; Stuck at GND due to stuck port clock ;
; display_byte:data_display|digit~49      ; Stuck at GND due to stuck port clock ;
; display_byte:data_display|digit~50      ; Stuck at GND due to stuck port clock ;
; display_byte:data_display|digit~51      ; Stuck at GND due to stuck port clock ;
; display_byte:data_display|digit~52      ; Stuck at GND due to stuck port clock ;
; display_byte:data_display|digit~53      ; Stuck at GND due to stuck port clock ;
; display_byte:data_display|digit~54      ; Stuck at GND due to stuck port clock ;
; display_byte:data_display|digit~55      ; Stuck at GND due to stuck port clock ;
; display_byte:data_display|digit~56      ; Stuck at GND due to stuck port clock ;
; display_byte:data_display|digit~57      ; Stuck at GND due to stuck port clock ;
; display_byte:data_display|digit~58      ; Stuck at GND due to stuck port clock ;
; display_byte:data_display|digit~59      ; Stuck at GND due to stuck port clock ;
; display_byte:data_display|digit~60      ; Stuck at GND due to stuck port clock ;
; display_byte:data_display|digit~61      ; Stuck at GND due to stuck port clock ;
; display_byte:data_display|digit~62      ; Stuck at GND due to stuck port clock ;
; display_byte:data_display|digit~63      ; Stuck at GND due to stuck port clock ;
; display_byte:data_display|digit~64      ; Stuck at GND due to stuck port clock ;
; display_byte:data_display|digit~65      ; Stuck at GND due to stuck port clock ;
; display_byte:data_display|digit~66      ; Stuck at GND due to stuck port clock ;
; display_byte:data_display|digit~67      ; Stuck at GND due to stuck port clock ;
; display_byte:data_display|digit~68      ; Stuck at GND due to stuck port clock ;
; display_byte:data_display|digit~69      ; Stuck at GND due to stuck port clock ;
; display_byte:data_display|digit~70      ; Stuck at GND due to stuck port clock ;
; display_byte:data_display|digit~71      ; Stuck at GND due to stuck port clock ;
; display_byte:data_display|digit~72      ; Stuck at GND due to stuck port clock ;
; display_byte:data_display|digit~73      ; Stuck at GND due to stuck port clock ;
; display_byte:data_display|digit~74      ; Stuck at GND due to stuck port clock ;
; display_byte:data_display|digit~75      ; Stuck at GND due to stuck port clock ;
; display_byte:data_display|digit~76      ; Stuck at GND due to stuck port clock ;
; display_byte:data_display|digit~77      ; Stuck at GND due to stuck port clock ;
; display_byte:data_display|digit~78      ; Stuck at GND due to stuck port clock ;
; display_byte:data_display|digit~79      ; Stuck at GND due to stuck port clock ;
; display_byte:data_display|digit~80      ; Stuck at GND due to stuck port clock ;
; display_byte:data_display|digit~81      ; Stuck at GND due to stuck port clock ;
; display_byte:data_display|digit~82      ; Stuck at GND due to stuck port clock ;
; display_byte:data_display|digit~83      ; Stuck at GND due to stuck port clock ;
; display_byte:data_display|digit~84      ; Stuck at GND due to stuck port clock ;
; display_byte:data_display|digit~85      ; Stuck at GND due to stuck port clock ;
; display_byte:data_display|digit~86      ; Stuck at GND due to stuck port clock ;
; display_byte:data_display|digit~87      ; Stuck at GND due to stuck port clock ;
; display_byte:data_display|digit~88      ; Stuck at GND due to stuck port clock ;
; display_byte:data_display|digit~89      ; Stuck at GND due to stuck port clock ;
; display_byte:data_display|digit~90      ; Stuck at GND due to stuck port clock ;
; display_byte:data_display|digit~91      ; Stuck at GND due to stuck port clock ;
; display_byte:data_display|digit~92      ; Stuck at GND due to stuck port clock ;
; display_byte:data_display|digit~93      ; Stuck at GND due to stuck port clock ;
; display_byte:data_display|digit~94      ; Stuck at GND due to stuck port clock ;
; display_byte:data_display|digit~95      ; Stuck at GND due to stuck port clock ;
; display_byte:data_display|digit~96      ; Stuck at GND due to stuck port clock ;
; display_byte:data_display|digit~97      ; Stuck at GND due to stuck port clock ;
; display_byte:data_display|digit~98      ; Stuck at GND due to stuck port clock ;
; display_byte:data_display|digit~99      ; Stuck at GND due to stuck port clock ;
; display_byte:data_display|digit~100     ; Stuck at GND due to stuck port clock ;
; display_byte:data_display|digit~101     ; Stuck at GND due to stuck port clock ;
; display_byte:data_display|digit~102     ; Stuck at GND due to stuck port clock ;
; display_byte:data_display|digit~103     ; Stuck at GND due to stuck port clock ;
; display_byte:data_display|digit~104     ; Stuck at GND due to stuck port clock ;
; display_byte:data_display|digit~105     ; Stuck at GND due to stuck port clock ;
; display_byte:data_display|digit~106     ; Stuck at GND due to stuck port clock ;
; display_byte:data_display|digit~107     ; Stuck at GND due to stuck port clock ;
; display_byte:data_display|digit~108     ; Stuck at GND due to stuck port clock ;
; display_byte:data_display|digit~109     ; Stuck at GND due to stuck port clock ;
; display_byte:data_display|digit~110     ; Stuck at GND due to stuck port clock ;
; display_byte:data_display|digit~111     ; Stuck at GND due to stuck port clock ;
; display_byte:sw_display|digit~0         ; Stuck at GND due to stuck port clock ;
; display_byte:sw_display|digit~1         ; Stuck at GND due to stuck port clock ;
; display_byte:sw_display|digit~2         ; Stuck at GND due to stuck port clock ;
; display_byte:sw_display|digit~3         ; Stuck at GND due to stuck port clock ;
; display_byte:sw_display|digit~4         ; Stuck at GND due to stuck port clock ;
; display_byte:sw_display|digit~5         ; Stuck at GND due to stuck port clock ;
; display_byte:sw_display|digit~6         ; Stuck at GND due to stuck port clock ;
; display_byte:sw_display|digit~7         ; Stuck at GND due to stuck port clock ;
; display_byte:sw_display|digit~8         ; Stuck at GND due to stuck port clock ;
; display_byte:sw_display|digit~9         ; Stuck at GND due to stuck port clock ;
; display_byte:sw_display|digit~10        ; Stuck at GND due to stuck port clock ;
; display_byte:sw_display|digit~11        ; Stuck at GND due to stuck port clock ;
; display_byte:sw_display|digit~12        ; Stuck at GND due to stuck port clock ;
; display_byte:sw_display|digit~13        ; Stuck at GND due to stuck port clock ;
; display_byte:sw_display|digit~14        ; Stuck at GND due to stuck port clock ;
; display_byte:sw_display|digit~15        ; Stuck at GND due to stuck port clock ;
; display_byte:sw_display|digit~16        ; Stuck at GND due to stuck port clock ;
; display_byte:sw_display|digit~17        ; Stuck at GND due to stuck port clock ;
; display_byte:sw_display|digit~18        ; Stuck at GND due to stuck port clock ;
; display_byte:sw_display|digit~19        ; Stuck at GND due to stuck port clock ;
; display_byte:sw_display|digit~20        ; Stuck at GND due to stuck port clock ;
; display_byte:sw_display|digit~21        ; Stuck at GND due to stuck port clock ;
; display_byte:sw_display|digit~22        ; Stuck at GND due to stuck port clock ;
; display_byte:sw_display|digit~23        ; Stuck at GND due to stuck port clock ;
; display_byte:sw_display|digit~24        ; Stuck at GND due to stuck port clock ;
; display_byte:sw_display|digit~25        ; Stuck at GND due to stuck port clock ;
; display_byte:sw_display|digit~26        ; Stuck at GND due to stuck port clock ;
; display_byte:sw_display|digit~27        ; Stuck at GND due to stuck port clock ;
; display_byte:sw_display|digit~28        ; Stuck at GND due to stuck port clock ;
; display_byte:sw_display|digit~29        ; Stuck at GND due to stuck port clock ;
; display_byte:sw_display|digit~30        ; Stuck at GND due to stuck port clock ;
; display_byte:sw_display|digit~31        ; Stuck at GND due to stuck port clock ;
; display_byte:sw_display|digit~32        ; Stuck at GND due to stuck port clock ;
; display_byte:sw_display|digit~33        ; Stuck at GND due to stuck port clock ;
; display_byte:sw_display|digit~34        ; Stuck at GND due to stuck port clock ;
; display_byte:sw_display|digit~35        ; Stuck at GND due to stuck port clock ;
; display_byte:sw_display|digit~36        ; Stuck at GND due to stuck port clock ;
; display_byte:sw_display|digit~37        ; Stuck at GND due to stuck port clock ;
; display_byte:sw_display|digit~38        ; Stuck at GND due to stuck port clock ;
; display_byte:sw_display|digit~39        ; Stuck at GND due to stuck port clock ;
; display_byte:sw_display|digit~40        ; Stuck at GND due to stuck port clock ;
; display_byte:sw_display|digit~41        ; Stuck at GND due to stuck port clock ;
; display_byte:sw_display|digit~42        ; Stuck at GND due to stuck port clock ;
; display_byte:sw_display|digit~43        ; Stuck at GND due to stuck port clock ;
; display_byte:sw_display|digit~44        ; Stuck at GND due to stuck port clock ;
; display_byte:sw_display|digit~45        ; Stuck at GND due to stuck port clock ;
; display_byte:sw_display|digit~46        ; Stuck at GND due to stuck port clock ;
; display_byte:sw_display|digit~47        ; Stuck at GND due to stuck port clock ;
; display_byte:sw_display|digit~48        ; Stuck at GND due to stuck port clock ;
; display_byte:sw_display|digit~49        ; Stuck at GND due to stuck port clock ;
; display_byte:sw_display|digit~50        ; Stuck at GND due to stuck port clock ;
; display_byte:sw_display|digit~51        ; Stuck at GND due to stuck port clock ;
; display_byte:sw_display|digit~52        ; Stuck at GND due to stuck port clock ;
; display_byte:sw_display|digit~53        ; Stuck at GND due to stuck port clock ;
; display_byte:sw_display|digit~54        ; Stuck at GND due to stuck port clock ;
; display_byte:sw_display|digit~55        ; Stuck at GND due to stuck port clock ;
; display_byte:sw_display|digit~56        ; Stuck at GND due to stuck port clock ;
; display_byte:sw_display|digit~57        ; Stuck at GND due to stuck port clock ;
; display_byte:sw_display|digit~58        ; Stuck at GND due to stuck port clock ;
; display_byte:sw_display|digit~59        ; Stuck at GND due to stuck port clock ;
; display_byte:sw_display|digit~60        ; Stuck at GND due to stuck port clock ;
; display_byte:sw_display|digit~61        ; Stuck at GND due to stuck port clock ;
; display_byte:sw_display|digit~62        ; Stuck at GND due to stuck port clock ;
; display_byte:sw_display|digit~63        ; Stuck at GND due to stuck port clock ;
; display_byte:sw_display|digit~64        ; Stuck at GND due to stuck port clock ;
; display_byte:sw_display|digit~65        ; Stuck at GND due to stuck port clock ;
; display_byte:sw_display|digit~66        ; Stuck at GND due to stuck port clock ;
; display_byte:sw_display|digit~67        ; Stuck at GND due to stuck port clock ;
; display_byte:sw_display|digit~68        ; Stuck at GND due to stuck port clock ;
; display_byte:sw_display|digit~69        ; Stuck at GND due to stuck port clock ;
; display_byte:sw_display|digit~70        ; Stuck at GND due to stuck port clock ;
; display_byte:sw_display|digit~71        ; Stuck at GND due to stuck port clock ;
; display_byte:sw_display|digit~72        ; Stuck at GND due to stuck port clock ;
; display_byte:sw_display|digit~73        ; Stuck at GND due to stuck port clock ;
; display_byte:sw_display|digit~74        ; Stuck at GND due to stuck port clock ;
; display_byte:sw_display|digit~75        ; Stuck at GND due to stuck port clock ;
; display_byte:sw_display|digit~76        ; Stuck at GND due to stuck port clock ;
; display_byte:sw_display|digit~77        ; Stuck at GND due to stuck port clock ;
; display_byte:sw_display|digit~78        ; Stuck at GND due to stuck port clock ;
; display_byte:sw_display|digit~79        ; Stuck at GND due to stuck port clock ;
; display_byte:sw_display|digit~80        ; Stuck at GND due to stuck port clock ;
; display_byte:sw_display|digit~81        ; Stuck at GND due to stuck port clock ;
; display_byte:sw_display|digit~82        ; Stuck at GND due to stuck port clock ;
; display_byte:sw_display|digit~83        ; Stuck at GND due to stuck port clock ;
; display_byte:sw_display|digit~84        ; Stuck at GND due to stuck port clock ;
; display_byte:sw_display|digit~85        ; Stuck at GND due to stuck port clock ;
; display_byte:sw_display|digit~86        ; Stuck at GND due to stuck port clock ;
; display_byte:sw_display|digit~87        ; Stuck at GND due to stuck port clock ;
; display_byte:sw_display|digit~88        ; Stuck at GND due to stuck port clock ;
; display_byte:sw_display|digit~89        ; Stuck at GND due to stuck port clock ;
; display_byte:sw_display|digit~90        ; Stuck at GND due to stuck port clock ;
; display_byte:sw_display|digit~91        ; Stuck at GND due to stuck port clock ;
; display_byte:sw_display|digit~92        ; Stuck at GND due to stuck port clock ;
; display_byte:sw_display|digit~93        ; Stuck at GND due to stuck port clock ;
; display_byte:sw_display|digit~94        ; Stuck at GND due to stuck port clock ;
; display_byte:sw_display|digit~95        ; Stuck at GND due to stuck port clock ;
; display_byte:sw_display|digit~96        ; Stuck at GND due to stuck port clock ;
; display_byte:sw_display|digit~97        ; Stuck at GND due to stuck port clock ;
; display_byte:sw_display|digit~98        ; Stuck at GND due to stuck port clock ;
; display_byte:sw_display|digit~99        ; Stuck at GND due to stuck port clock ;
; display_byte:sw_display|digit~100       ; Stuck at GND due to stuck port clock ;
; display_byte:sw_display|digit~101       ; Stuck at GND due to stuck port clock ;
; display_byte:sw_display|digit~102       ; Stuck at GND due to stuck port clock ;
; display_byte:sw_display|digit~103       ; Stuck at GND due to stuck port clock ;
; display_byte:sw_display|digit~104       ; Stuck at GND due to stuck port clock ;
; display_byte:sw_display|digit~105       ; Stuck at GND due to stuck port clock ;
; display_byte:sw_display|digit~106       ; Stuck at GND due to stuck port clock ;
; display_byte:sw_display|digit~107       ; Stuck at GND due to stuck port clock ;
; display_byte:sw_display|digit~108       ; Stuck at GND due to stuck port clock ;
; display_byte:sw_display|digit~109       ; Stuck at GND due to stuck port clock ;
; display_byte:sw_display|digit~110       ; Stuck at GND due to stuck port clock ;
; display_byte:sw_display|digit~111       ; Stuck at GND due to stuck port clock ;
; Total Number of Removed Registers = 336 ;                                      ;
+-----------------------------------------+--------------------------------------+


+------------------------------------------------------+
; General Register Statistics                          ;
+----------------------------------------------+-------+
; Statistic                                    ; Value ;
+----------------------------------------------+-------+
; Total registers                              ; 19    ;
; Number of registers using Synchronous Clear  ; 0     ;
; Number of registers using Synchronous Load   ; 0     ;
; Number of registers using Asynchronous Clear ; 10    ;
; Number of registers using Asynchronous Load  ; 0     ;
; Number of registers using Clock Enable       ; 0     ;
; Number of registers using Preset             ; 0     ;
+----------------------------------------------+-------+


+-------------------------------------------------------------------------+
; Registers Packed Into Inferred Megafunctions                            ;
+-----------------------------------+------------------------------+------+
; Register Name                     ; Megafunction                 ; Type ;
+-----------------------------------+------------------------------+------+
; ram_single:ram_mem|out_data[0..7] ; ram_single:ram_mem|mem_rtl_0 ; RAM  ;
+-----------------------------------+------------------------------+------+


+-----------------------------------------------------------------------------------------------+
; Source assignments for ram_single:ram_mem|altsyncram:mem_rtl_0|altsyncram_09n1:auto_generated ;
+---------------------------------+--------------------+------+---------------------------------+
; Assignment                      ; Value              ; From ; To                              ;
+---------------------------------+--------------------+------+---------------------------------+
; OPTIMIZE_POWER_DURING_SYNTHESIS ; NORMAL_COMPILATION ; -    ; -                               ;
+---------------------------------+--------------------+------+---------------------------------+


+------------------------------------------------------------------------------------------+
; Parameter Settings for Inferred Entity Instance: ram_single:ram_mem|altsyncram:mem_rtl_0 ;
+------------------------------------+----------------------+------------------------------+
; Parameter Name                     ; Value                ; Type                         ;
+------------------------------------+----------------------+------------------------------+
; BYTE_SIZE_BLOCK                    ; 8                    ; Untyped                      ;
; AUTO_CARRY_CHAINS                  ; ON                   ; AUTO_CARRY                   ;
; IGNORE_CARRY_BUFFERS               ; OFF                  ; IGNORE_CARRY                 ;
; AUTO_CASCADE_CHAINS                ; ON                   ; AUTO_CASCADE                 ;
; IGNORE_CASCADE_BUFFERS             ; OFF                  ; IGNORE_CASCADE               ;
; WIDTH_BYTEENA                      ; 1                    ; Untyped                      ;
; OPERATION_MODE                     ; DUAL_PORT            ; Untyped                      ;
; WIDTH_A                            ; 8                    ; Untyped                      ;
; WIDTHAD_A                          ; 10                   ; Untyped                      ;
; NUMWORDS_A                         ; 1024                 ; Untyped                      ;
; OUTDATA_REG_A                      ; UNREGISTERED         ; Untyped                      ;
; ADDRESS_ACLR_A                     ; NONE                 ; Untyped                      ;
; OUTDATA_ACLR_A                     ; NONE                 ; Untyped                      ;
; WRCONTROL_ACLR_A                   ; NONE                 ; Untyped                      ;
; INDATA_ACLR_A                      ; NONE                 ; Untyped                      ;
; BYTEENA_ACLR_A                     ; NONE                 ; Untyped                      ;
; WIDTH_B                            ; 8                    ; Untyped                      ;
; WIDTHAD_B                          ; 10                   ; Untyped                      ;
; NUMWORDS_B                         ; 1024                 ; Untyped                      ;
; INDATA_REG_B                       ; CLOCK1               ; Untyped                      ;
; WRCONTROL_WRADDRESS_REG_B          ; CLOCK1               ; Untyped                      ;
; RDCONTROL_REG_B                    ; CLOCK1               ; Untyped                      ;
; ADDRESS_REG_B                      ; CLOCK0               ; Untyped                      ;
; OUTDATA_REG_B                      ; UNREGISTERED         ; Untyped                      ;
; BYTEENA_REG_B                      ; CLOCK1               ; Untyped                      ;
; INDATA_ACLR_B                      ; NONE                 ; Untyped                      ;
; WRCONTROL_ACLR_B                   ; NONE                 ; Untyped                      ;
; ADDRESS_ACLR_B                     ; NONE                 ; Untyped                      ;
; OUTDATA_ACLR_B                     ; NONE                 ; Untyped                      ;
; RDCONTROL_ACLR_B                   ; NONE                 ; Untyped                      ;
; BYTEENA_ACLR_B                     ; NONE                 ; Untyped                      ;
; WIDTH_BYTEENA_A                    ; 1                    ; Untyped                      ;
; WIDTH_BYTEENA_B                    ; 1                    ; Untyped                      ;
; RAM_BLOCK_TYPE                     ; AUTO                 ; Untyped                      ;
; BYTE_SIZE                          ; 8                    ; Untyped                      ;
; READ_DURING_WRITE_MODE_MIXED_PORTS ; OLD_DATA             ; Untyped                      ;
; READ_DURING_WRITE_MODE_PORT_A      ; NEW_DATA_NO_NBE_READ ; Untyped                      ;
; READ_DURING_WRITE_MODE_PORT_B      ; NEW_DATA_NO_NBE_READ ; Untyped                      ;
; INIT_FILE                          ; UNUSED               ; Untyped                      ;
; INIT_FILE_LAYOUT                   ; PORT_A               ; Untyped                      ;
; MAXIMUM_DEPTH                      ; 0                    ; Untyped                      ;
; CLOCK_ENABLE_INPUT_A               ; NORMAL               ; Untyped                      ;
; CLOCK_ENABLE_INPUT_B               ; NORMAL               ; Untyped                      ;
; CLOCK_ENABLE_OUTPUT_A              ; NORMAL               ; Untyped                      ;
; CLOCK_ENABLE_OUTPUT_B              ; NORMAL               ; Untyped                      ;
; CLOCK_ENABLE_CORE_A                ; USE_INPUT_CLKEN      ; Untyped                      ;
; CLOCK_ENABLE_CORE_B                ; USE_INPUT_CLKEN      ; Untyped                      ;
; ENABLE_ECC                         ; FALSE                ; Untyped                      ;
; ECC_PIPELINE_STAGE_ENABLED         ; FALSE                ; Untyped                      ;
; WIDTH_ECCSTATUS                    ; 3                    ; Untyped                      ;
; DEVICE_FAMILY                      ; Cyclone V            ; Untyped                      ;
; CBXI_PARAMETER                     ; altsyncram_09n1      ; Untyped                      ;
+------------------------------------+----------------------+------------------------------+
Note: In order to hide this table in the UI and the text report file, please set the "Show Parameter Settings in Synthesis Report" option in "Analysis and Synthesis Settings -> More Settings" to "Off".


+-------------------------------------------------------------------------------------+
; altsyncram Parameter Settings by Entity Instance                                    ;
+-------------------------------------------+-----------------------------------------+
; Name                                      ; Value                                   ;
+-------------------------------------------+-----------------------------------------+
; Number of entity instances                ; 1                                       ;
; Entity Instance                           ; ram_single:ram_mem|altsyncram:mem_rtl_0 ;
;     -- OPERATION_MODE                     ; DUAL_PORT                               ;
;     -- WIDTH_A                            ; 8                                       ;
;     -- NUMWORDS_A                         ; 1024                                    ;
;     -- OUTDATA_REG_A                      ; UNREGISTERED                            ;
;     -- WIDTH_B                            ; 8                                       ;
;     -- NUMWORDS_B                         ; 1024                                    ;
;     -- ADDRESS_REG_B                      ; CLOCK0                                  ;
;     -- OUTDATA_REG_B                      ; UNREGISTERED                            ;
;     -- RAM_BLOCK_TYPE                     ; AUTO                                    ;
;     -- READ_DURING_WRITE_MODE_MIXED_PORTS ; OLD_DATA                                ;
+-------------------------------------------+-----------------------------------------+


+-----------------------------------------------------+
; Post-Synthesis Netlist Statistics for Top Partition ;
+-----------------------+-----------------------------+
; Type                  ; Count                       ;
+-----------------------+-----------------------------+
; arriav_ff             ; 19                          ;
;     CLR               ; 10                          ;
;     plain             ; 9                           ;
; arriav_io_obuf        ; 16                          ;
; arriav_lcell_comb     ; 91                          ;
;     arith             ; 10                          ;
;         1 data inputs ; 1                           ;
;         2 data inputs ; 9                           ;
;     normal            ; 81                          ;
;         0 data inputs ; 1                           ;
;         1 data inputs ; 7                           ;
;         2 data inputs ; 11                          ;
;         3 data inputs ; 10                          ;
;         4 data inputs ; 52                          ;
; boundary_port         ; 109                         ;
; stratixv_ram_block    ; 8                           ;
;                       ;                             ;
; Max LUT depth         ; 2.90                        ;
; Average LUT depth     ; 1.44                        ;
+-----------------------+-----------------------------+


+-------------------------------+
; Elapsed Time Per Partition    ;
+----------------+--------------+
; Partition Name ; Elapsed Time ;
+----------------+--------------+
; Top            ; 00:00:00     ;
+----------------+--------------+


+-------------------------------+
; Analysis & Synthesis Messages ;
+-------------------------------+
Info: *******************************************************************
Info: Running Quartus Prime Analysis & Synthesis
    Info: Version 19.1.0 Build 670 09/22/2019 SJ Lite Edition
    Info: Processing started: Mon Nov 11 14:20:09 2019
Info: Command: quartus_map --read_settings_files=on --write_settings_files=off DE1_SOC -c DE1_SOC
Warning (18236): Number of processors has not been specified which may cause overloading on shared machines.  Set the global assignment NUM_PARALLEL_PROCESSORS in your QSF to an appropriate value for best performance.
Info (20030): Parallel compilation is enabled and will use 12 of the 12 processors detected
Warning (12125): Using design file DE1_SOC.v, which is not specified as a design file for the current project, but contains definitions for 3 design units and 3 entities in project
    Info (12023): Found entity 1: ram_single File: /home/mikowalik/Desktop/studia/informatyka/FPGA/assignment5/e1/DE1_SOC.v Line: 1
    Info (12023): Found entity 2: display_byte File: /home/mikowalik/Desktop/studia/informatyka/FPGA/assignment5/e1/DE1_SOC.v Line: 15
    Info (12023): Found entity 3: DE1_SOC File: /home/mikowalik/Desktop/studia/informatyka/FPGA/assignment5/e1/DE1_SOC.v Line: 29
Info (12127): Elaborating entity "DE1_SOC" for the top level hierarchy
Warning (10230): Verilog HDL assignment warning at DE1_SOC.v(91): truncated value with size 32 to match size of target (10) File: /home/mikowalik/Desktop/studia/informatyka/FPGA/assignment5/e1/DE1_SOC.v Line: 91
Warning (10230): Verilog HDL assignment warning at DE1_SOC.v(93): truncated value with size 32 to match size of target (10) File: /home/mikowalik/Desktop/studia/informatyka/FPGA/assignment5/e1/DE1_SOC.v Line: 93
Warning (10034): Output port "DRAM_ADDR" at DE1_SOC.v(38) has no driver File: /home/mikowalik/Desktop/studia/informatyka/FPGA/assignment5/e1/DE1_SOC.v Line: 38
Warning (10034): Output port "DRAM_BA" at DE1_SOC.v(39) has no driver File: /home/mikowalik/Desktop/studia/informatyka/FPGA/assignment5/e1/DE1_SOC.v Line: 39
Warning (10034): Output port "LEDR[7..0]" at DE1_SOC.v(63) has no driver File: /home/mikowalik/Desktop/studia/informatyka/FPGA/assignment5/e1/DE1_SOC.v Line: 63
Warning (10034): Output port "DRAM_CAS_N" at DE1_SOC.v(40) has no driver File: /home/mikowalik/Desktop/studia/informatyka/FPGA/assignment5/e1/DE1_SOC.v Line: 40
Warning (10034): Output port "DRAM_CKE" at DE1_SOC.v(41) has no driver File: /home/mikowalik/Desktop/studia/informatyka/FPGA/assignment5/e1/DE1_SOC.v Line: 41
Warning (10034): Output port "DRAM_CLK" at DE1_SOC.v(42) has no driver File: /home/mikowalik/Desktop/studia/informatyka/FPGA/assignment5/e1/DE1_SOC.v Line: 42
Warning (10034): Output port "DRAM_CS_N" at DE1_SOC.v(43) has no driver File: /home/mikowalik/Desktop/studia/informatyka/FPGA/assignment5/e1/DE1_SOC.v Line: 43
Warning (10034): Output port "DRAM_LDQM" at DE1_SOC.v(45) has no driver File: /home/mikowalik/Desktop/studia/informatyka/FPGA/assignment5/e1/DE1_SOC.v Line: 45
Warning (10034): Output port "DRAM_RAS_N" at DE1_SOC.v(46) has no driver File: /home/mikowalik/Desktop/studia/informatyka/FPGA/assignment5/e1/DE1_SOC.v Line: 46
Warning (10034): Output port "DRAM_UDQM" at DE1_SOC.v(47) has no driver File: /home/mikowalik/Desktop/studia/informatyka/FPGA/assignment5/e1/DE1_SOC.v Line: 47
Warning (10034): Output port "DRAM_WE_N" at DE1_SOC.v(48) has no driver File: /home/mikowalik/Desktop/studia/informatyka/FPGA/assignment5/e1/DE1_SOC.v Line: 48
Info (12128): Elaborating entity "display_byte" for hierarchy "display_byte:address_display" File: /home/mikowalik/Desktop/studia/informatyka/FPGA/assignment5/e1/DE1_SOC.v Line: 83
Warning (10030): Net "digit.data_a" at DE1_SOC.v(16) has no driver or initial value, using a default initial value '0' File: /home/mikowalik/Desktop/studia/informatyka/FPGA/assignment5/e1/DE1_SOC.v Line: 16
Warning (10030): Net "digit.waddr_a" at DE1_SOC.v(16) has no driver or initial value, using a default initial value '0' File: /home/mikowalik/Desktop/studia/informatyka/FPGA/assignment5/e1/DE1_SOC.v Line: 16
Warning (10030): Net "digit.we_a" at DE1_SOC.v(16) has no driver or initial value, using a default initial value '0' File: /home/mikowalik/Desktop/studia/informatyka/FPGA/assignment5/e1/DE1_SOC.v Line: 16
Info (12128): Elaborating entity "ram_single" for hierarchy "ram_single:ram_mem" File: /home/mikowalik/Desktop/studia/informatyka/FPGA/assignment5/e1/DE1_SOC.v Line: 86
Info (276014): Found 3 instances of uninferred RAM logic
    Info (276004): RAM logic "display_byte:data_display|digit" is uninferred due to inappropriate RAM size File: /home/mikowalik/Desktop/studia/informatyka/FPGA/assignment5/e1/DE1_SOC.v Line: 16
    Info (276004): RAM logic "display_byte:sw_display|digit" is uninferred due to inappropriate RAM size File: /home/mikowalik/Desktop/studia/informatyka/FPGA/assignment5/e1/DE1_SOC.v Line: 16
    Info (276004): RAM logic "display_byte:address_display|digit" is uninferred due to inappropriate RAM size File: /home/mikowalik/Desktop/studia/informatyka/FPGA/assignment5/e1/DE1_SOC.v Line: 16
Info (19000): Inferred 1 megafunctions from design logic
    Info (276029): Inferred altsyncram megafunction from the following design logic: "ram_single:ram_mem|mem_rtl_0" 
        Info (286033): Parameter OPERATION_MODE set to DUAL_PORT
        Info (286033): Parameter WIDTH_A set to 8
        Info (286033): Parameter WIDTHAD_A set to 10
        Info (286033): Parameter NUMWORDS_A set to 1024
        Info (286033): Parameter WIDTH_B set to 8
        Info (286033): Parameter WIDTHAD_B set to 10
        Info (286033): Parameter NUMWORDS_B set to 1024
        Info (286033): Parameter ADDRESS_ACLR_A set to NONE
        Info (286033): Parameter OUTDATA_REG_B set to UNREGISTERED
        Info (286033): Parameter ADDRESS_ACLR_B set to NONE
        Info (286033): Parameter OUTDATA_ACLR_B set to NONE
        Info (286033): Parameter ADDRESS_REG_B set to CLOCK0
        Info (286033): Parameter INDATA_ACLR_A set to NONE
        Info (286033): Parameter WRCONTROL_ACLR_A set to NONE
        Info (286033): Parameter READ_DURING_WRITE_MODE_MIXED_PORTS set to OLD_DATA
Info (12130): Elaborated megafunction instantiation "ram_single:ram_mem|altsyncram:mem_rtl_0"
Info (12133): Instantiated megafunction "ram_single:ram_mem|altsyncram:mem_rtl_0" with the following parameter:
    Info (12134): Parameter "OPERATION_MODE" = "DUAL_PORT"
    Info (12134): Parameter "WIDTH_A" = "8"
    Info (12134): Parameter "WIDTHAD_A" = "10"
    Info (12134): Parameter "NUMWORDS_A" = "1024"
    Info (12134): Parameter "WIDTH_B" = "8"
    Info (12134): Parameter "WIDTHAD_B" = "10"
    Info (12134): Parameter "NUMWORDS_B" = "1024"
    Info (12134): Parameter "ADDRESS_ACLR_A" = "NONE"
    Info (12134): Parameter "OUTDATA_REG_B" = "UNREGISTERED"
    Info (12134): Parameter "ADDRESS_ACLR_B" = "NONE"
    Info (12134): Parameter "OUTDATA_ACLR_B" = "NONE"
    Info (12134): Parameter "ADDRESS_REG_B" = "CLOCK0"
    Info (12134): Parameter "INDATA_ACLR_A" = "NONE"
    Info (12134): Parameter "WRCONTROL_ACLR_A" = "NONE"
    Info (12134): Parameter "READ_DURING_WRITE_MODE_MIXED_PORTS" = "OLD_DATA"
Info (12021): Found 1 design units, including 1 entities, in source file db/altsyncram_09n1.tdf
    Info (12023): Found entity 1: altsyncram_09n1 File: /home/mikowalik/Desktop/studia/informatyka/FPGA/assignment5/e1/db/altsyncram_09n1.tdf Line: 28
Warning (13039): The following bidirectional pins have no drivers
    Warning (13040): bidirectional pin "DRAM_DQ[0]" has no driver File: /home/mikowalik/Desktop/studia/informatyka/FPGA/assignment5/e1/DE1_SOC.v Line: 44
    Warning (13040): bidirectional pin "DRAM_DQ[1]" has no driver File: /home/mikowalik/Desktop/studia/informatyka/FPGA/assignment5/e1/DE1_SOC.v Line: 44
    Warning (13040): bidirectional pin "DRAM_DQ[2]" has no driver File: /home/mikowalik/Desktop/studia/informatyka/FPGA/assignment5/e1/DE1_SOC.v Line: 44
    Warning (13040): bidirectional pin "DRAM_DQ[3]" has no driver File: /home/mikowalik/Desktop/studia/informatyka/FPGA/assignment5/e1/DE1_SOC.v Line: 44
    Warning (13040): bidirectional pin "DRAM_DQ[4]" has no driver File: /home/mikowalik/Desktop/studia/informatyka/FPGA/assignment5/e1/DE1_SOC.v Line: 44
    Warning (13040): bidirectional pin "DRAM_DQ[5]" has no driver File: /home/mikowalik/Desktop/studia/informatyka/FPGA/assignment5/e1/DE1_SOC.v Line: 44
    Warning (13040): bidirectional pin "DRAM_DQ[6]" has no driver File: /home/mikowalik/Desktop/studia/informatyka/FPGA/assignment5/e1/DE1_SOC.v Line: 44
    Warning (13040): bidirectional pin "DRAM_DQ[7]" has no driver File: /home/mikowalik/Desktop/studia/informatyka/FPGA/assignment5/e1/DE1_SOC.v Line: 44
    Warning (13040): bidirectional pin "DRAM_DQ[8]" has no driver File: /home/mikowalik/Desktop/studia/informatyka/FPGA/assignment5/e1/DE1_SOC.v Line: 44
    Warning (13040): bidirectional pin "DRAM_DQ[9]" has no driver File: /home/mikowalik/Desktop/studia/informatyka/FPGA/assignment5/e1/DE1_SOC.v Line: 44
    Warning (13040): bidirectional pin "DRAM_DQ[10]" has no driver File: /home/mikowalik/Desktop/studia/informatyka/FPGA/assignment5/e1/DE1_SOC.v Line: 44
    Warning (13040): bidirectional pin "DRAM_DQ[11]" has no driver File: /home/mikowalik/Desktop/studia/informatyka/FPGA/assignment5/e1/DE1_SOC.v Line: 44
    Warning (13040): bidirectional pin "DRAM_DQ[12]" has no driver File: /home/mikowalik/Desktop/studia/informatyka/FPGA/assignment5/e1/DE1_SOC.v Line: 44
    Warning (13040): bidirectional pin "DRAM_DQ[13]" has no driver File: /home/mikowalik/Desktop/studia/informatyka/FPGA/assignment5/e1/DE1_SOC.v Line: 44
    Warning (13040): bidirectional pin "DRAM_DQ[14]" has no driver File: /home/mikowalik/Desktop/studia/informatyka/FPGA/assignment5/e1/DE1_SOC.v Line: 44
    Warning (13040): bidirectional pin "DRAM_DQ[15]" has no driver File: /home/mikowalik/Desktop/studia/informatyka/FPGA/assignment5/e1/DE1_SOC.v Line: 44
Warning (13004): Presettable and clearable registers converted to equivalent circuits with latches. Registers power-up to an undefined state, and DEVCLRn places the registers in an undefined state.
    Warning (13310): Register "address[0]" is converted into an equivalent circuit using register "address[0]~_emulated" and latch "address[0]~1" File: /home/mikowalik/Desktop/studia/informatyka/FPGA/assignment5/e1/DE1_SOC.v Line: 94
    Warning (13310): Register "address[1]" is converted into an equivalent circuit using register "address[1]~_emulated" and latch "address[1]~5" File: /home/mikowalik/Desktop/studia/informatyka/FPGA/assignment5/e1/DE1_SOC.v Line: 94
    Warning (13310): Register "address[2]" is converted into an equivalent circuit using register "address[2]~_emulated" and latch "address[2]~9" File: /home/mikowalik/Desktop/studia/informatyka/FPGA/assignment5/e1/DE1_SOC.v Line: 94
    Warning (13310): Register "address[3]" is converted into an equivalent circuit using register "address[3]~_emulated" and latch "address[3]~13" File: /home/mikowalik/Desktop/studia/informatyka/FPGA/assignment5/e1/DE1_SOC.v Line: 94
    Warning (13310): Register "address[4]" is converted into an equivalent circuit using register "address[4]~_emulated" and latch "address[4]~17" File: /home/mikowalik/Desktop/studia/informatyka/FPGA/assignment5/e1/DE1_SOC.v Line: 94
    Warning (13310): Register "address[5]" is converted into an equivalent circuit using register "address[5]~_emulated" and latch "address[5]~21" File: /home/mikowalik/Desktop/studia/informatyka/FPGA/assignment5/e1/DE1_SOC.v Line: 94
    Warning (13310): Register "address[6]" is converted into an equivalent circuit using register "address[6]~_emulated" and latch "address[6]~25" File: /home/mikowalik/Desktop/studia/informatyka/FPGA/assignment5/e1/DE1_SOC.v Line: 94
    Warning (13310): Register "address[7]" is converted into an equivalent circuit using register "address[7]~_emulated" and latch "address[7]~29" File: /home/mikowalik/Desktop/studia/informatyka/FPGA/assignment5/e1/DE1_SOC.v Line: 94
    Warning (13310): Register "address[8]" is converted into an equivalent circuit using register "address[8]~_emulated" and latch "address[8]~33" File: /home/mikowalik/Desktop/studia/informatyka/FPGA/assignment5/e1/DE1_SOC.v Line: 94
    Warning (13310): Register "address[9]" is converted into an equivalent circuit using register "address[9]~_emulated" and latch "address[9]~37" File: /home/mikowalik/Desktop/studia/informatyka/FPGA/assignment5/e1/DE1_SOC.v Line: 94
Warning (13024): Output pins are stuck at VCC or GND
    Warning (13410): Pin "DRAM_ADDR[0]" is stuck at GND File: /home/mikowalik/Desktop/studia/informatyka/FPGA/assignment5/e1/DE1_SOC.v Line: 38
    Warning (13410): Pin "DRAM_ADDR[1]" is stuck at GND File: /home/mikowalik/Desktop/studia/informatyka/FPGA/assignment5/e1/DE1_SOC.v Line: 38
    Warning (13410): Pin "DRAM_ADDR[2]" is stuck at GND File: /home/mikowalik/Desktop/studia/informatyka/FPGA/assignment5/e1/DE1_SOC.v Line: 38
    Warning (13410): Pin "DRAM_ADDR[3]" is stuck at GND File: /home/mikowalik/Desktop/studia/informatyka/FPGA/assignment5/e1/DE1_SOC.v Line: 38
    Warning (13410): Pin "DRAM_ADDR[4]" is stuck at GND File: /home/mikowalik/Desktop/studia/informatyka/FPGA/assignment5/e1/DE1_SOC.v Line: 38
    Warning (13410): Pin "DRAM_ADDR[5]" is stuck at GND File: /home/mikowalik/Desktop/studia/informatyka/FPGA/assignment5/e1/DE1_SOC.v Line: 38
    Warning (13410): Pin "DRAM_ADDR[6]" is stuck at GND File: /home/mikowalik/Desktop/studia/informatyka/FPGA/assignment5/e1/DE1_SOC.v Line: 38
    Warning (13410): Pin "DRAM_ADDR[7]" is stuck at GND File: /home/mikowalik/Desktop/studia/informatyka/FPGA/assignment5/e1/DE1_SOC.v Line: 38
    Warning (13410): Pin "DRAM_ADDR[8]" is stuck at GND File: /home/mikowalik/Desktop/studia/informatyka/FPGA/assignment5/e1/DE1_SOC.v Line: 38
    Warning (13410): Pin "DRAM_ADDR[9]" is stuck at GND File: /home/mikowalik/Desktop/studia/informatyka/FPGA/assignment5/e1/DE1_SOC.v Line: 38
    Warning (13410): Pin "DRAM_ADDR[10]" is stuck at GND File: /home/mikowalik/Desktop/studia/informatyka/FPGA/assignment5/e1/DE1_SOC.v Line: 38
    Warning (13410): Pin "DRAM_ADDR[11]" is stuck at GND File: /home/mikowalik/Desktop/studia/informatyka/FPGA/assignment5/e1/DE1_SOC.v Line: 38
    Warning (13410): Pin "DRAM_ADDR[12]" is stuck at GND File: /home/mikowalik/Desktop/studia/informatyka/FPGA/assignment5/e1/DE1_SOC.v Line: 38
    Warning (13410): Pin "DRAM_BA[0]" is stuck at GND File: /home/mikowalik/Desktop/studia/informatyka/FPGA/assignment5/e1/DE1_SOC.v Line: 39
    Warning (13410): Pin "DRAM_BA[1]" is stuck at GND File: /home/mikowalik/Desktop/studia/informatyka/FPGA/assignment5/e1/DE1_SOC.v Line: 39
    Warning (13410): Pin "DRAM_CAS_N" is stuck at GND File: /home/mikowalik/Desktop/studia/informatyka/FPGA/assignment5/e1/DE1_SOC.v Line: 40
    Warning (13410): Pin "DRAM_CKE" is stuck at GND File: /home/mikowalik/Desktop/studia/informatyka/FPGA/assignment5/e1/DE1_SOC.v Line: 41
    Warning (13410): Pin "DRAM_CLK" is stuck at GND File: /home/mikowalik/Desktop/studia/informatyka/FPGA/assignment5/e1/DE1_SOC.v Line: 42
    Warning (13410): Pin "DRAM_CS_N" is stuck at GND File: /home/mikowalik/Desktop/studia/informatyka/FPGA/assignment5/e1/DE1_SOC.v Line: 43
    Warning (13410): Pin "DRAM_LDQM" is stuck at GND File: /home/mikowalik/Desktop/studia/informatyka/FPGA/assignment5/e1/DE1_SOC.v Line: 45
    Warning (13410): Pin "DRAM_RAS_N" is stuck at GND File: /home/mikowalik/Desktop/studia/informatyka/FPGA/assignment5/e1/DE1_SOC.v Line: 46
    Warning (13410): Pin "DRAM_UDQM" is stuck at GND File: /home/mikowalik/Desktop/studia/informatyka/FPGA/assignment5/e1/DE1_SOC.v Line: 47
    Warning (13410): Pin "DRAM_WE_N" is stuck at GND File: /home/mikowalik/Desktop/studia/informatyka/FPGA/assignment5/e1/DE1_SOC.v Line: 48
    Warning (13410): Pin "LEDR[0]" is stuck at GND File: /home/mikowalik/Desktop/studia/informatyka/FPGA/assignment5/e1/DE1_SOC.v Line: 63
    Warning (13410): Pin "LEDR[1]" is stuck at GND File: /home/mikowalik/Desktop/studia/informatyka/FPGA/assignment5/e1/DE1_SOC.v Line: 63
    Warning (13410): Pin "LEDR[2]" is stuck at GND File: /home/mikowalik/Desktop/studia/informatyka/FPGA/assignment5/e1/DE1_SOC.v Line: 63
    Warning (13410): Pin "LEDR[3]" is stuck at GND File: /home/mikowalik/Desktop/studia/informatyka/FPGA/assignment5/e1/DE1_SOC.v Line: 63
    Warning (13410): Pin "LEDR[4]" is stuck at GND File: /home/mikowalik/Desktop/studia/informatyka/FPGA/assignment5/e1/DE1_SOC.v Line: 63
    Warning (13410): Pin "LEDR[5]" is stuck at GND File: /home/mikowalik/Desktop/studia/informatyka/FPGA/assignment5/e1/DE1_SOC.v Line: 63
    Warning (13410): Pin "LEDR[6]" is stuck at GND File: /home/mikowalik/Desktop/studia/informatyka/FPGA/assignment5/e1/DE1_SOC.v Line: 63
    Warning (13410): Pin "LEDR[7]" is stuck at GND File: /home/mikowalik/Desktop/studia/informatyka/FPGA/assignment5/e1/DE1_SOC.v Line: 63
Info (286030): Timing-Driven Synthesis is running
Info (16010): Generating hard_block partition "hard_block:auto_generated_inst"
    Info (16011): Adding 0 node(s), including 0 DDIO, 0 PLL, 0 transceiver and 0 LCELL
Warning (21074): Design contains 3 input pin(s) that do not drive logic
    Warning (15610): No output dependent on input pin "CLOCK2_50" File: /home/mikowalik/Desktop/studia/informatyka/FPGA/assignment5/e1/DE1_SOC.v Line: 32
    Warning (15610): No output dependent on input pin "CLOCK3_50" File: /home/mikowalik/Desktop/studia/informatyka/FPGA/assignment5/e1/DE1_SOC.v Line: 33
    Warning (15610): No output dependent on input pin "CLOCK4_50" File: /home/mikowalik/Desktop/studia/informatyka/FPGA/assignment5/e1/DE1_SOC.v Line: 34
Info (21057): Implemented 209 device resources after synthesis - the final resource count might be different
    Info (21058): Implemented 18 input pins
    Info (21059): Implemented 75 output pins
    Info (21060): Implemented 16 bidirectional pins
    Info (21061): Implemented 92 logic cells
    Info (21064): Implemented 8 RAM segments
Info: Quartus Prime Analysis & Synthesis was successful. 0 errors, 82 warnings
    Info: Peak virtual memory: 1107 megabytes
    Info: Processing ended: Mon Nov 11 14:20:15 2019
    Info: Elapsed time: 00:00:06
    Info: Total CPU time (on all processors): 00:00:16


