Analysis & Synthesis report for ex1
Mon Nov  4 18:52:26 2019
Quartus Prime Version 19.1.0 Build 670 09/22/2019 SJ Lite Edition


---------------------
; Table of Contents ;
---------------------
  1. Legal Notice
  2. Analysis & Synthesis Summary
  3. Analysis & Synthesis Settings
  4. Parallel Compilation
  5. Analysis & Synthesis Source Files Read
  6. Analysis & Synthesis Resource Usage Summary
  7. Analysis & Synthesis Resource Utilization by Entity
  8. General Register Statistics
  9. Inverted Register Statistics
 10. Parameter Settings for Inferred Entity Instance: lpm_divide:Mod0
 11. Parameter Settings for Inferred Entity Instance: lpm_divide:Div0
 12. Parameter Settings for Inferred Entity Instance: lpm_divide:Mod1
 13. Parameter Settings for Inferred Entity Instance: lpm_divide:Div1
 14. Parameter Settings for Inferred Entity Instance: lpm_divide:Mod2
 15. Parameter Settings for Inferred Entity Instance: lpm_divide:Div2
 16. Parameter Settings for Inferred Entity Instance: lpm_divide:Mod3
 17. Parameter Settings for Inferred Entity Instance: lpm_divide:Div3
 18. Parameter Settings for Inferred Entity Instance: lpm_divide:Mod4
 19. Post-Synthesis Netlist Statistics for Top Partition
 20. Elapsed Time Per Partition
 21. Analysis & Synthesis Messages



----------------
; Legal Notice ;
----------------
Copyright (C) 2019  Intel Corporation. All rights reserved.
Your use of Intel Corporation's design tools, logic functions 
and other software and tools, and any partner logic 
functions, and any output files from any of the foregoing 
(including device programming or simulation files), and any 
associated documentation or information are expressly subject 
to the terms and conditions of the Intel Program License 
Subscription Agreement, the Intel Quartus Prime License Agreement,
the Intel FPGA IP License Agreement, or other applicable license
agreement, including, without limitation, that your use is for
the sole purpose of programming logic devices manufactured by
Intel and sold by Intel or its authorized distributors.  Please
refer to the applicable agreement for further details, at
https://fpgasoftware.intel.com/eula.



+-------------------------------------------------------------------------------+
; Analysis & Synthesis Summary                                                  ;
+---------------------------------+---------------------------------------------+
; Analysis & Synthesis Status     ; Successful - Mon Nov  4 18:52:26 2019       ;
; Quartus Prime Version           ; 19.1.0 Build 670 09/22/2019 SJ Lite Edition ;
; Revision Name                   ; ex1                                         ;
; Top-level Entity Name           ; ex1                                         ;
; Family                          ; Cyclone V                                   ;
; Logic utilization (in ALMs)     ; N/A                                         ;
; Total registers                 ; 65                                          ;
; Total pins                      ; 60                                          ;
; Total virtual pins              ; 0                                           ;
; Total block memory bits         ; 0                                           ;
; Total DSP Blocks                ; 0                                           ;
; Total HSSI RX PCSs              ; 0                                           ;
; Total HSSI PMA RX Deserializers ; 0                                           ;
; Total HSSI TX PCSs              ; 0                                           ;
; Total HSSI PMA TX Serializers   ; 0                                           ;
; Total PLLs                      ; 0                                           ;
; Total DLLs                      ; 0                                           ;
+---------------------------------+---------------------------------------------+


+---------------------------------------------------------------------------------------------------------------------------+
; Analysis & Synthesis Settings                                                                                             ;
+---------------------------------------------------------------------------------+--------------------+--------------------+
; Option                                                                          ; Setting            ; Default Value      ;
+---------------------------------------------------------------------------------+--------------------+--------------------+
; Device                                                                          ; 5CSEMA5F31C6       ;                    ;
; Top-level entity name                                                           ; ex1                ; ex1                ;
; Family name                                                                     ; Cyclone V          ; Cyclone V          ;
; Use smart compilation                                                           ; Off                ; Off                ;
; Enable parallel Assembler and Timing Analyzer during compilation                ; On                 ; On                 ;
; Enable compact report table                                                     ; Off                ; Off                ;
; Restructure Multiplexers                                                        ; Auto               ; Auto               ;
; MLAB Add Timing Constraints For Mixed-Port Feed-Through Mode Setting Don't Care ; Off                ; Off                ;
; Create Debugging Nodes for IP Cores                                             ; Off                ; Off                ;
; Preserve fewer node names                                                       ; On                 ; On                 ;
; Intel FPGA IP Evaluation Mode                                                   ; Enable             ; Enable             ;
; Verilog Version                                                                 ; Verilog_2001       ; Verilog_2001       ;
; VHDL Version                                                                    ; VHDL_1993          ; VHDL_1993          ;
; State Machine Processing                                                        ; Auto               ; Auto               ;
; Safe State Machine                                                              ; Off                ; Off                ;
; Extract Verilog State Machines                                                  ; On                 ; On                 ;
; Extract VHDL State Machines                                                     ; On                 ; On                 ;
; Ignore Verilog initial constructs                                               ; Off                ; Off                ;
; Iteration limit for constant Verilog loops                                      ; 5000               ; 5000               ;
; Iteration limit for non-constant Verilog loops                                  ; 250                ; 250                ;
; Add Pass-Through Logic to Inferred RAMs                                         ; On                 ; On                 ;
; Infer RAMs from Raw Logic                                                       ; On                 ; On                 ;
; Parallel Synthesis                                                              ; On                 ; On                 ;
; DSP Block Balancing                                                             ; Auto               ; Auto               ;
; NOT Gate Push-Back                                                              ; On                 ; On                 ;
; Power-Up Don't Care                                                             ; On                 ; On                 ;
; Remove Redundant Logic Cells                                                    ; Off                ; Off                ;
; Remove Duplicate Registers                                                      ; On                 ; On                 ;
; Ignore CARRY Buffers                                                            ; Off                ; Off                ;
; Ignore CASCADE Buffers                                                          ; Off                ; Off                ;
; Ignore GLOBAL Buffers                                                           ; Off                ; Off                ;
; Ignore ROW GLOBAL Buffers                                                       ; Off                ; Off                ;
; Ignore LCELL Buffers                                                            ; Off                ; Off                ;
; Ignore SOFT Buffers                                                             ; On                 ; On                 ;
; Limit AHDL Integers to 32 Bits                                                  ; Off                ; Off                ;
; Optimization Technique                                                          ; Balanced           ; Balanced           ;
; Carry Chain Length                                                              ; 70                 ; 70                 ;
; Auto Carry Chains                                                               ; On                 ; On                 ;
; Auto Open-Drain Pins                                                            ; On                 ; On                 ;
; Perform WYSIWYG Primitive Resynthesis                                           ; Off                ; Off                ;
; Auto ROM Replacement                                                            ; On                 ; On                 ;
; Auto RAM Replacement                                                            ; On                 ; On                 ;
; Auto DSP Block Replacement                                                      ; On                 ; On                 ;
; Auto Shift Register Replacement                                                 ; Auto               ; Auto               ;
; Allow Shift Register Merging across Hierarchies                                 ; Auto               ; Auto               ;
; Auto Clock Enable Replacement                                                   ; On                 ; On                 ;
; Strict RAM Replacement                                                          ; Off                ; Off                ;
; Allow Synchronous Control Signals                                               ; On                 ; On                 ;
; Force Use of Synchronous Clear Signals                                          ; Off                ; Off                ;
; Auto Resource Sharing                                                           ; Off                ; Off                ;
; Allow Any RAM Size For Recognition                                              ; Off                ; Off                ;
; Allow Any ROM Size For Recognition                                              ; Off                ; Off                ;
; Allow Any Shift Register Size For Recognition                                   ; Off                ; Off                ;
; Use LogicLock Constraints during Resource Balancing                             ; On                 ; On                 ;
; Ignore translate_off and synthesis_off directives                               ; Off                ; Off                ;
; Timing-Driven Synthesis                                                         ; On                 ; On                 ;
; Report Parameter Settings                                                       ; On                 ; On                 ;
; Report Source Assignments                                                       ; On                 ; On                 ;
; Report Connectivity Checks                                                      ; On                 ; On                 ;
; Ignore Maximum Fan-Out Assignments                                              ; Off                ; Off                ;
; Synchronization Register Chain Length                                           ; 3                  ; 3                  ;
; Power Optimization During Synthesis                                             ; Normal compilation ; Normal compilation ;
; HDL message level                                                               ; Level2             ; Level2             ;
; Suppress Register Optimization Related Messages                                 ; Off                ; Off                ;
; Number of Removed Registers Reported in Synthesis Report                        ; 5000               ; 5000               ;
; Number of Swept Nodes Reported in Synthesis Report                              ; 5000               ; 5000               ;
; Number of Inverted Registers Reported in Synthesis Report                       ; 100                ; 100                ;
; Clock MUX Protection                                                            ; On                 ; On                 ;
; Auto Gated Clock Conversion                                                     ; Off                ; Off                ;
; Block Design Naming                                                             ; Auto               ; Auto               ;
; SDC constraint protection                                                       ; Off                ; Off                ;
; Synthesis Effort                                                                ; Auto               ; Auto               ;
; Shift Register Replacement - Allow Asynchronous Clear Signal                    ; On                 ; On                 ;
; Pre-Mapping Resynthesis Optimization                                            ; Off                ; Off                ;
; Analysis & Synthesis Message Level                                              ; Medium             ; Medium             ;
; Disable Register Merging Across Hierarchies                                     ; Auto               ; Auto               ;
; Resource Aware Inference For Block RAM                                          ; On                 ; On                 ;
; Automatic Parallel Synthesis                                                    ; On                 ; On                 ;
; Partial Reconfiguration Bitstream ID                                            ; Off                ; Off                ;
+---------------------------------------------------------------------------------+--------------------+--------------------+


+------------------------------------------+
; Parallel Compilation                     ;
+----------------------------+-------------+
; Processors                 ; Number      ;
+----------------------------+-------------+
; Number detected on machine ; 12          ;
; Maximum allowed            ; 12          ;
;                            ;             ;
; Average used               ; 1.00        ;
; Maximum used               ; 12          ;
;                            ;             ;
; Usage by Processor         ; % Time Used ;
;     Processor 1            ; 100.0%      ;
;     Processor 2            ;   0.0%      ;
;     Processor 3            ;   0.0%      ;
;     Processor 4            ;   0.0%      ;
;     Processor 5            ;   0.0%      ;
;     Processor 6            ;   0.0%      ;
;     Processor 7            ;   0.0%      ;
;     Processor 8            ;   0.0%      ;
;     Processors 9-12        ;   0.0%      ;
+----------------------------+-------------+


+-----------------------------------------------------------------------------------------------------------------------------------------------------------------------------------------+
; Analysis & Synthesis Source Files Read                                                                                                                                                  ;
+----------------------------------+-----------------+------------------------------+-------------------------------------------------------------------------------------------+---------+
; File Name with User-Entered Path ; Used in Netlist ; File Type                    ; File Name with Absolute Path                                                              ; Library ;
+----------------------------------+-----------------+------------------------------+-------------------------------------------------------------------------------------------+---------+
; ex1.v                            ; yes             ; Auto-Found Verilog HDL File  ; /home/mikowalik/Desktop/studia/informatyka/FPGA/assignment4/e1/ex1.v                      ;         ;
; lpm_divide.tdf                   ; yes             ; Megafunction                 ; /home/mikowalik/intelFPGA_lite/19.1/quartus/libraries/megafunctions/lpm_divide.tdf        ;         ;
; abs_divider.inc                  ; yes             ; Megafunction                 ; /home/mikowalik/intelFPGA_lite/19.1/quartus/libraries/megafunctions/abs_divider.inc       ;         ;
; sign_div_unsign.inc              ; yes             ; Megafunction                 ; /home/mikowalik/intelFPGA_lite/19.1/quartus/libraries/megafunctions/sign_div_unsign.inc   ;         ;
; aglobal191.inc                   ; yes             ; Megafunction                 ; /home/mikowalik/intelFPGA_lite/19.1/quartus/libraries/megafunctions/aglobal191.inc        ;         ;
; db/lpm_divide_l3m.tdf            ; yes             ; Auto-Generated Megafunction  ; /home/mikowalik/Desktop/studia/informatyka/FPGA/assignment4/e1/db/lpm_divide_l3m.tdf      ;         ;
; db/sign_div_unsign_olh.tdf       ; yes             ; Auto-Generated Megafunction  ; /home/mikowalik/Desktop/studia/informatyka/FPGA/assignment4/e1/db/sign_div_unsign_olh.tdf ;         ;
; db/alt_u_div_mve.tdf             ; yes             ; Auto-Generated Megafunction  ; /home/mikowalik/Desktop/studia/informatyka/FPGA/assignment4/e1/db/alt_u_div_mve.tdf       ;         ;
; db/lpm_divide_ibm.tdf            ; yes             ; Auto-Generated Megafunction  ; /home/mikowalik/Desktop/studia/informatyka/FPGA/assignment4/e1/db/lpm_divide_ibm.tdf      ;         ;
; db/lpm_divide_k3m.tdf            ; yes             ; Auto-Generated Megafunction  ; /home/mikowalik/Desktop/studia/informatyka/FPGA/assignment4/e1/db/lpm_divide_k3m.tdf      ;         ;
; db/sign_div_unsign_nlh.tdf       ; yes             ; Auto-Generated Megafunction  ; /home/mikowalik/Desktop/studia/informatyka/FPGA/assignment4/e1/db/sign_div_unsign_nlh.tdf ;         ;
; db/alt_u_div_kve.tdf             ; yes             ; Auto-Generated Megafunction  ; /home/mikowalik/Desktop/studia/informatyka/FPGA/assignment4/e1/db/alt_u_div_kve.tdf       ;         ;
; db/lpm_divide_kbm.tdf            ; yes             ; Auto-Generated Megafunction  ; /home/mikowalik/Desktop/studia/informatyka/FPGA/assignment4/e1/db/lpm_divide_kbm.tdf      ;         ;
; db/sign_div_unsign_qlh.tdf       ; yes             ; Auto-Generated Megafunction  ; /home/mikowalik/Desktop/studia/informatyka/FPGA/assignment4/e1/db/sign_div_unsign_qlh.tdf ;         ;
; db/alt_u_div_qve.tdf             ; yes             ; Auto-Generated Megafunction  ; /home/mikowalik/Desktop/studia/informatyka/FPGA/assignment4/e1/db/alt_u_div_qve.tdf       ;         ;
; db/lpm_divide_vcm.tdf            ; yes             ; Auto-Generated Megafunction  ; /home/mikowalik/Desktop/studia/informatyka/FPGA/assignment4/e1/db/lpm_divide_vcm.tdf      ;         ;
; db/sign_div_unsign_5nh.tdf       ; yes             ; Auto-Generated Megafunction  ; /home/mikowalik/Desktop/studia/informatyka/FPGA/assignment4/e1/db/sign_div_unsign_5nh.tdf ;         ;
; db/alt_u_div_g2f.tdf             ; yes             ; Auto-Generated Megafunction  ; /home/mikowalik/Desktop/studia/informatyka/FPGA/assignment4/e1/db/alt_u_div_g2f.tdf       ;         ;
; db/lpm_divide_2dm.tdf            ; yes             ; Auto-Generated Megafunction  ; /home/mikowalik/Desktop/studia/informatyka/FPGA/assignment4/e1/db/lpm_divide_2dm.tdf      ;         ;
; db/sign_div_unsign_8nh.tdf       ; yes             ; Auto-Generated Megafunction  ; /home/mikowalik/Desktop/studia/informatyka/FPGA/assignment4/e1/db/sign_div_unsign_8nh.tdf ;         ;
; db/alt_u_div_m2f.tdf             ; yes             ; Auto-Generated Megafunction  ; /home/mikowalik/Desktop/studia/informatyka/FPGA/assignment4/e1/db/alt_u_div_m2f.tdf       ;         ;
+----------------------------------+-----------------+------------------------------+-------------------------------------------------------------------------------------------+---------+


+---------------------------------------------------------------------------------------------------------------------------------------------------------------------------+
; Analysis & Synthesis Resource Usage Summary                                                                                                                               ;
+---------------------------------------------+-----------------------------------------------------------------------------------------------------------------------------+
; Resource                                    ; Usage                                                                                                                       ;
+---------------------------------------------+-----------------------------------------------------------------------------------------------------------------------------+
; Estimate of Logic utilization (ALMs needed) ; 1680                                                                                                                        ;
;                                             ;                                                                                                                             ;
; Combinational ALUT usage for logic          ; 3352                                                                                                                        ;
;     -- 7 input functions                    ; 0                                                                                                                           ;
;     -- 6 input functions                    ; 7                                                                                                                           ;
;     -- 5 input functions                    ; 15                                                                                                                          ;
;     -- 4 input functions                    ; 553                                                                                                                         ;
;     -- <=3 input functions                  ; 2777                                                                                                                        ;
;                                             ;                                                                                                                             ;
; Dedicated logic registers                   ; 65                                                                                                                          ;
;                                             ;                                                                                                                             ;
; I/O pins                                    ; 60                                                                                                                          ;
;                                             ;                                                                                                                             ;
; Total DSP Blocks                            ; 0                                                                                                                           ;
;                                             ;                                                                                                                             ;
; Maximum fan-out node                        ; lpm_divide:Div3|lpm_divide_2dm:auto_generated|sign_div_unsign_8nh:divider|alt_u_div_m2f:divider|add_sub_12_result_int[13]~1 ;
; Maximum fan-out                             ; 37                                                                                                                          ;
; Total fan-out                               ; 9921                                                                                                                        ;
; Average fan-out                             ; 2.80                                                                                                                        ;
+---------------------------------------------+-----------------------------------------------------------------------------------------------------------------------------+


+---------------------------------------------------------------------------------------------------------------------------------------------------------------------------------------------------------------------------------------------------------------------------------------------+
; Analysis & Synthesis Resource Utilization by Entity                                                                                                                                                                                                                                         ;
+----------------------------------------+---------------------+---------------------------+-------------------+------------+------+--------------+------------------------------------------------------------------------------------------------------+---------------------+--------------+
; Compilation Hierarchy Node             ; Combinational ALUTs ; Dedicated Logic Registers ; Block Memory Bits ; DSP Blocks ; Pins ; Virtual Pins ; Full Hierarchy Name                                                                                  ; Entity Name         ; Library Name ;
+----------------------------------------+---------------------+---------------------------+-------------------+------------+------+--------------+------------------------------------------------------------------------------------------------------+---------------------+--------------+
; |ex1                                   ; 3352 (67)           ; 65 (32)                   ; 0                 ; 0          ; 60   ; 0            ; |ex1                                                                                                 ; ex1                 ; work         ;
;    |lpm_divide:Div0|                   ; 313 (0)             ; 0 (0)                     ; 0                 ; 0          ; 0    ; 0            ; |ex1|lpm_divide:Div0                                                                                 ; lpm_divide          ; work         ;
;       |lpm_divide_ibm:auto_generated|  ; 313 (0)             ; 0 (0)                     ; 0                 ; 0          ; 0    ; 0            ; |ex1|lpm_divide:Div0|lpm_divide_ibm:auto_generated                                                   ; lpm_divide_ibm      ; work         ;
;          |sign_div_unsign_olh:divider| ; 313 (0)             ; 0 (0)                     ; 0                 ; 0          ; 0    ; 0            ; |ex1|lpm_divide:Div0|lpm_divide_ibm:auto_generated|sign_div_unsign_olh:divider                       ; sign_div_unsign_olh ; work         ;
;             |alt_u_div_mve:divider|    ; 313 (313)           ; 0 (0)                     ; 0                 ; 0          ; 0    ; 0            ; |ex1|lpm_divide:Div0|lpm_divide_ibm:auto_generated|sign_div_unsign_olh:divider|alt_u_div_mve:divider ; alt_u_div_mve       ; work         ;
;    |lpm_divide:Div1|                   ; 422 (0)             ; 0 (0)                     ; 0                 ; 0          ; 0    ; 0            ; |ex1|lpm_divide:Div1                                                                                 ; lpm_divide          ; work         ;
;       |lpm_divide_kbm:auto_generated|  ; 422 (0)             ; 0 (0)                     ; 0                 ; 0          ; 0    ; 0            ; |ex1|lpm_divide:Div1|lpm_divide_kbm:auto_generated                                                   ; lpm_divide_kbm      ; work         ;
;          |sign_div_unsign_qlh:divider| ; 422 (0)             ; 0 (0)                     ; 0                 ; 0          ; 0    ; 0            ; |ex1|lpm_divide:Div1|lpm_divide_kbm:auto_generated|sign_div_unsign_qlh:divider                       ; sign_div_unsign_qlh ; work         ;
;             |alt_u_div_qve:divider|    ; 422 (422)           ; 0 (0)                     ; 0                 ; 0          ; 0    ; 0            ; |ex1|lpm_divide:Div1|lpm_divide_kbm:auto_generated|sign_div_unsign_qlh:divider|alt_u_div_qve:divider ; alt_u_div_qve       ; work         ;
;    |lpm_divide:Div2|                   ; 580 (0)             ; 0 (0)                     ; 0                 ; 0          ; 0    ; 0            ; |ex1|lpm_divide:Div2                                                                                 ; lpm_divide          ; work         ;
;       |lpm_divide_vcm:auto_generated|  ; 580 (0)             ; 0 (0)                     ; 0                 ; 0          ; 0    ; 0            ; |ex1|lpm_divide:Div2|lpm_divide_vcm:auto_generated                                                   ; lpm_divide_vcm      ; work         ;
;          |sign_div_unsign_5nh:divider| ; 580 (0)             ; 0 (0)                     ; 0                 ; 0          ; 0    ; 0            ; |ex1|lpm_divide:Div2|lpm_divide_vcm:auto_generated|sign_div_unsign_5nh:divider                       ; sign_div_unsign_5nh ; work         ;
;             |alt_u_div_g2f:divider|    ; 580 (580)           ; 0 (0)                     ; 0                 ; 0          ; 0    ; 0            ; |ex1|lpm_divide:Div2|lpm_divide_vcm:auto_generated|sign_div_unsign_5nh:divider|alt_u_div_g2f:divider ; alt_u_div_g2f       ; work         ;
;    |lpm_divide:Div3|                   ; 652 (0)             ; 0 (0)                     ; 0                 ; 0          ; 0    ; 0            ; |ex1|lpm_divide:Div3                                                                                 ; lpm_divide          ; work         ;
;       |lpm_divide_2dm:auto_generated|  ; 652 (0)             ; 0 (0)                     ; 0                 ; 0          ; 0    ; 0            ; |ex1|lpm_divide:Div3|lpm_divide_2dm:auto_generated                                                   ; lpm_divide_2dm      ; work         ;
;          |sign_div_unsign_8nh:divider| ; 652 (0)             ; 0 (0)                     ; 0                 ; 0          ; 0    ; 0            ; |ex1|lpm_divide:Div3|lpm_divide_2dm:auto_generated|sign_div_unsign_8nh:divider                       ; sign_div_unsign_8nh ; work         ;
;             |alt_u_div_m2f:divider|    ; 652 (652)           ; 0 (0)                     ; 0                 ; 0          ; 0    ; 0            ; |ex1|lpm_divide:Div3|lpm_divide_2dm:auto_generated|sign_div_unsign_8nh:divider|alt_u_div_m2f:divider ; alt_u_div_m2f       ; work         ;
;    |lpm_divide:Mod0|                   ; 317 (0)             ; 0 (0)                     ; 0                 ; 0          ; 0    ; 0            ; |ex1|lpm_divide:Mod0                                                                                 ; lpm_divide          ; work         ;
;       |lpm_divide_l3m:auto_generated|  ; 317 (0)             ; 0 (0)                     ; 0                 ; 0          ; 0    ; 0            ; |ex1|lpm_divide:Mod0|lpm_divide_l3m:auto_generated                                                   ; lpm_divide_l3m      ; work         ;
;          |sign_div_unsign_olh:divider| ; 317 (0)             ; 0 (0)                     ; 0                 ; 0          ; 0    ; 0            ; |ex1|lpm_divide:Mod0|lpm_divide_l3m:auto_generated|sign_div_unsign_olh:divider                       ; sign_div_unsign_olh ; work         ;
;             |alt_u_div_mve:divider|    ; 317 (317)           ; 0 (0)                     ; 0                 ; 0          ; 0    ; 0            ; |ex1|lpm_divide:Mod0|lpm_divide_l3m:auto_generated|sign_div_unsign_olh:divider|alt_u_div_mve:divider ; alt_u_div_mve       ; work         ;
;    |lpm_divide:Mod1|                   ; 238 (0)             ; 0 (0)                     ; 0                 ; 0          ; 0    ; 0            ; |ex1|lpm_divide:Mod1                                                                                 ; lpm_divide          ; work         ;
;       |lpm_divide_k3m:auto_generated|  ; 238 (0)             ; 0 (0)                     ; 0                 ; 0          ; 0    ; 0            ; |ex1|lpm_divide:Mod1|lpm_divide_k3m:auto_generated                                                   ; lpm_divide_k3m      ; work         ;
;          |sign_div_unsign_nlh:divider| ; 238 (0)             ; 0 (0)                     ; 0                 ; 0          ; 0    ; 0            ; |ex1|lpm_divide:Mod1|lpm_divide_k3m:auto_generated|sign_div_unsign_nlh:divider                       ; sign_div_unsign_nlh ; work         ;
;             |alt_u_div_kve:divider|    ; 238 (238)           ; 0 (0)                     ; 0                 ; 0          ; 0    ; 0            ; |ex1|lpm_divide:Mod1|lpm_divide_k3m:auto_generated|sign_div_unsign_nlh:divider|alt_u_div_kve:divider ; alt_u_div_kve       ; work         ;
;    |lpm_divide:Mod2|                   ; 280 (0)             ; 0 (0)                     ; 0                 ; 0          ; 0    ; 0            ; |ex1|lpm_divide:Mod2                                                                                 ; lpm_divide          ; work         ;
;       |lpm_divide_l3m:auto_generated|  ; 280 (0)             ; 0 (0)                     ; 0                 ; 0          ; 0    ; 0            ; |ex1|lpm_divide:Mod2|lpm_divide_l3m:auto_generated                                                   ; lpm_divide_l3m      ; work         ;
;          |sign_div_unsign_olh:divider| ; 280 (0)             ; 0 (0)                     ; 0                 ; 0          ; 0    ; 0            ; |ex1|lpm_divide:Mod2|lpm_divide_l3m:auto_generated|sign_div_unsign_olh:divider                       ; sign_div_unsign_olh ; work         ;
;             |alt_u_div_mve:divider|    ; 280 (280)           ; 0 (0)                     ; 0                 ; 0          ; 0    ; 0            ; |ex1|lpm_divide:Mod2|lpm_divide_l3m:auto_generated|sign_div_unsign_olh:divider|alt_u_div_mve:divider ; alt_u_div_mve       ; work         ;
;    |lpm_divide:Mod3|                   ; 236 (0)             ; 0 (0)                     ; 0                 ; 0          ; 0    ; 0            ; |ex1|lpm_divide:Mod3                                                                                 ; lpm_divide          ; work         ;
;       |lpm_divide_l3m:auto_generated|  ; 236 (0)             ; 0 (0)                     ; 0                 ; 0          ; 0    ; 0            ; |ex1|lpm_divide:Mod3|lpm_divide_l3m:auto_generated                                                   ; lpm_divide_l3m      ; work         ;
;          |sign_div_unsign_olh:divider| ; 236 (0)             ; 0 (0)                     ; 0                 ; 0          ; 0    ; 0            ; |ex1|lpm_divide:Mod3|lpm_divide_l3m:auto_generated|sign_div_unsign_olh:divider                       ; sign_div_unsign_olh ; work         ;
;             |alt_u_div_mve:divider|    ; 236 (236)           ; 0 (0)                     ; 0                 ; 0          ; 0    ; 0            ; |ex1|lpm_divide:Mod3|lpm_divide_l3m:auto_generated|sign_div_unsign_olh:divider|alt_u_div_mve:divider ; alt_u_div_mve       ; work         ;
;    |lpm_divide:Mod4|                   ; 203 (0)             ; 0 (0)                     ; 0                 ; 0          ; 0    ; 0            ; |ex1|lpm_divide:Mod4                                                                                 ; lpm_divide          ; work         ;
;       |lpm_divide_l3m:auto_generated|  ; 203 (0)             ; 0 (0)                     ; 0                 ; 0          ; 0    ; 0            ; |ex1|lpm_divide:Mod4|lpm_divide_l3m:auto_generated                                                   ; lpm_divide_l3m      ; work         ;
;          |sign_div_unsign_olh:divider| ; 203 (0)             ; 0 (0)                     ; 0                 ; 0          ; 0    ; 0            ; |ex1|lpm_divide:Mod4|lpm_divide_l3m:auto_generated|sign_div_unsign_olh:divider                       ; sign_div_unsign_olh ; work         ;
;             |alt_u_div_mve:divider|    ; 203 (203)           ; 0 (0)                     ; 0                 ; 0          ; 0    ; 0            ; |ex1|lpm_divide:Mod4|lpm_divide_l3m:auto_generated|sign_div_unsign_olh:divider|alt_u_div_mve:divider ; alt_u_div_mve       ; work         ;
;    |onesecond:s1|                      ; 44 (44)             ; 33 (33)                   ; 0                 ; 0          ; 0    ; 0            ; |ex1|onesecond:s1                                                                                    ; onesecond           ; work         ;
+----------------------------------------+---------------------+---------------------------+-------------------+------------+------+--------------+------------------------------------------------------------------------------------------------------+---------------------+--------------+
Note: For table entries with two numbers listed, the numbers in parentheses indicate the number of resources of the given type used by the specific entity alone. The numbers listed outside of parentheses indicate the total resources of the given type used by the specific entity and all of its sub-entities in the hierarchy.


+------------------------------------------------------+
; General Register Statistics                          ;
+----------------------------------------------+-------+
; Statistic                                    ; Value ;
+----------------------------------------------+-------+
; Total registers                              ; 65    ;
; Number of registers using Synchronous Clear  ; 32    ;
; Number of registers using Synchronous Load   ; 0     ;
; Number of registers using Asynchronous Clear ; 32    ;
; Number of registers using Asynchronous Load  ; 0     ;
; Number of registers using Clock Enable       ; 32    ;
; Number of registers using Preset             ; 0     ;
+----------------------------------------------+-------+


+--------------------------------------------------+
; Inverted Register Statistics                     ;
+----------------------------------------+---------+
; Inverted Register                      ; Fan out ;
+----------------------------------------+---------+
; onesecond:s1|clk[0]                    ; 33      ;
; Total number of inverted registers = 1 ;         ;
+----------------------------------------+---------+


+------------------------------------------------------------------+
; Parameter Settings for Inferred Entity Instance: lpm_divide:Mod0 ;
+------------------------+----------------+------------------------+
; Parameter Name         ; Value          ; Type                   ;
+------------------------+----------------+------------------------+
; LPM_WIDTHN             ; 32             ; Untyped                ;
; LPM_WIDTHD             ; 4              ; Untyped                ;
; LPM_NREPRESENTATION    ; UNSIGNED       ; Untyped                ;
; LPM_DREPRESENTATION    ; UNSIGNED       ; Untyped                ;
; LPM_PIPELINE           ; 0              ; Untyped                ;
; LPM_REMAINDERPOSITIVE  ; TRUE           ; Untyped                ;
; MAXIMIZE_SPEED         ; 5              ; Untyped                ;
; CBXI_PARAMETER         ; lpm_divide_l3m ; Untyped                ;
; CARRY_CHAIN            ; MANUAL         ; Untyped                ;
; OPTIMIZE_FOR_SPEED     ; 5              ; Untyped                ;
; AUTO_CARRY_CHAINS      ; ON             ; AUTO_CARRY             ;
; IGNORE_CARRY_BUFFERS   ; OFF            ; IGNORE_CARRY           ;
; AUTO_CASCADE_CHAINS    ; ON             ; AUTO_CASCADE           ;
; IGNORE_CASCADE_BUFFERS ; OFF            ; IGNORE_CASCADE         ;
+------------------------+----------------+------------------------+
Note: In order to hide this table in the UI and the text report file, please set the "Show Parameter Settings in Synthesis Report" option in "Analysis and Synthesis Settings -> More Settings" to "Off".


+------------------------------------------------------------------+
; Parameter Settings for Inferred Entity Instance: lpm_divide:Div0 ;
+------------------------+----------------+------------------------+
; Parameter Name         ; Value          ; Type                   ;
+------------------------+----------------+------------------------+
; LPM_WIDTHN             ; 32             ; Untyped                ;
; LPM_WIDTHD             ; 4              ; Untyped                ;
; LPM_NREPRESENTATION    ; UNSIGNED       ; Untyped                ;
; LPM_DREPRESENTATION    ; UNSIGNED       ; Untyped                ;
; LPM_PIPELINE           ; 0              ; Untyped                ;
; LPM_REMAINDERPOSITIVE  ; TRUE           ; Untyped                ;
; MAXIMIZE_SPEED         ; 5              ; Untyped                ;
; CBXI_PARAMETER         ; lpm_divide_ibm ; Untyped                ;
; CARRY_CHAIN            ; MANUAL         ; Untyped                ;
; OPTIMIZE_FOR_SPEED     ; 5              ; Untyped                ;
; AUTO_CARRY_CHAINS      ; ON             ; AUTO_CARRY             ;
; IGNORE_CARRY_BUFFERS   ; OFF            ; IGNORE_CARRY           ;
; AUTO_CASCADE_CHAINS    ; ON             ; AUTO_CASCADE           ;
; IGNORE_CASCADE_BUFFERS ; OFF            ; IGNORE_CASCADE         ;
+------------------------+----------------+------------------------+
Note: In order to hide this table in the UI and the text report file, please set the "Show Parameter Settings in Synthesis Report" option in "Analysis and Synthesis Settings -> More Settings" to "Off".


+------------------------------------------------------------------+
; Parameter Settings for Inferred Entity Instance: lpm_divide:Mod1 ;
+------------------------+----------------+------------------------+
; Parameter Name         ; Value          ; Type                   ;
+------------------------+----------------+------------------------+
; LPM_WIDTHN             ; 32             ; Untyped                ;
; LPM_WIDTHD             ; 3              ; Untyped                ;
; LPM_NREPRESENTATION    ; UNSIGNED       ; Untyped                ;
; LPM_DREPRESENTATION    ; UNSIGNED       ; Untyped                ;
; LPM_PIPELINE           ; 0              ; Untyped                ;
; LPM_REMAINDERPOSITIVE  ; TRUE           ; Untyped                ;
; MAXIMIZE_SPEED         ; 5              ; Untyped                ;
; CBXI_PARAMETER         ; lpm_divide_k3m ; Untyped                ;
; CARRY_CHAIN            ; MANUAL         ; Untyped                ;
; OPTIMIZE_FOR_SPEED     ; 5              ; Untyped                ;
; AUTO_CARRY_CHAINS      ; ON             ; AUTO_CARRY             ;
; IGNORE_CARRY_BUFFERS   ; OFF            ; IGNORE_CARRY           ;
; AUTO_CASCADE_CHAINS    ; ON             ; AUTO_CASCADE           ;
; IGNORE_CASCADE_BUFFERS ; OFF            ; IGNORE_CASCADE         ;
+------------------------+----------------+------------------------+
Note: In order to hide this table in the UI and the text report file, please set the "Show Parameter Settings in Synthesis Report" option in "Analysis and Synthesis Settings -> More Settings" to "Off".


+------------------------------------------------------------------+
; Parameter Settings for Inferred Entity Instance: lpm_divide:Div1 ;
+------------------------+----------------+------------------------+
; Parameter Name         ; Value          ; Type                   ;
+------------------------+----------------+------------------------+
; LPM_WIDTHN             ; 32             ; Untyped                ;
; LPM_WIDTHD             ; 6              ; Untyped                ;
; LPM_NREPRESENTATION    ; UNSIGNED       ; Untyped                ;
; LPM_DREPRESENTATION    ; UNSIGNED       ; Untyped                ;
; LPM_PIPELINE           ; 0              ; Untyped                ;
; LPM_REMAINDERPOSITIVE  ; TRUE           ; Untyped                ;
; MAXIMIZE_SPEED         ; 5              ; Untyped                ;
; CBXI_PARAMETER         ; lpm_divide_kbm ; Untyped                ;
; CARRY_CHAIN            ; MANUAL         ; Untyped                ;
; OPTIMIZE_FOR_SPEED     ; 5              ; Untyped                ;
; AUTO_CARRY_CHAINS      ; ON             ; AUTO_CARRY             ;
; IGNORE_CARRY_BUFFERS   ; OFF            ; IGNORE_CARRY           ;
; AUTO_CASCADE_CHAINS    ; ON             ; AUTO_CASCADE           ;
; IGNORE_CASCADE_BUFFERS ; OFF            ; IGNORE_CASCADE         ;
+------------------------+----------------+------------------------+
Note: In order to hide this table in the UI and the text report file, please set the "Show Parameter Settings in Synthesis Report" option in "Analysis and Synthesis Settings -> More Settings" to "Off".


+------------------------------------------------------------------+
; Parameter Settings for Inferred Entity Instance: lpm_divide:Mod2 ;
+------------------------+----------------+------------------------+
; Parameter Name         ; Value          ; Type                   ;
+------------------------+----------------+------------------------+
; LPM_WIDTHN             ; 32             ; Untyped                ;
; LPM_WIDTHD             ; 4              ; Untyped                ;
; LPM_NREPRESENTATION    ; UNSIGNED       ; Untyped                ;
; LPM_DREPRESENTATION    ; UNSIGNED       ; Untyped                ;
; LPM_PIPELINE           ; 0              ; Untyped                ;
; LPM_REMAINDERPOSITIVE  ; TRUE           ; Untyped                ;
; MAXIMIZE_SPEED         ; 5              ; Untyped                ;
; CBXI_PARAMETER         ; lpm_divide_l3m ; Untyped                ;
; CARRY_CHAIN            ; MANUAL         ; Untyped                ;
; OPTIMIZE_FOR_SPEED     ; 5              ; Untyped                ;
; AUTO_CARRY_CHAINS      ; ON             ; AUTO_CARRY             ;
; IGNORE_CARRY_BUFFERS   ; OFF            ; IGNORE_CARRY           ;
; AUTO_CASCADE_CHAINS    ; ON             ; AUTO_CASCADE           ;
; IGNORE_CASCADE_BUFFERS ; OFF            ; IGNORE_CASCADE         ;
+------------------------+----------------+------------------------+
Note: In order to hide this table in the UI and the text report file, please set the "Show Parameter Settings in Synthesis Report" option in "Analysis and Synthesis Settings -> More Settings" to "Off".


+------------------------------------------------------------------+
; Parameter Settings for Inferred Entity Instance: lpm_divide:Div2 ;
+------------------------+----------------+------------------------+
; Parameter Name         ; Value          ; Type                   ;
+------------------------+----------------+------------------------+
; LPM_WIDTHN             ; 32             ; Untyped                ;
; LPM_WIDTHD             ; 10             ; Untyped                ;
; LPM_NREPRESENTATION    ; UNSIGNED       ; Untyped                ;
; LPM_DREPRESENTATION    ; UNSIGNED       ; Untyped                ;
; LPM_PIPELINE           ; 0              ; Untyped                ;
; LPM_REMAINDERPOSITIVE  ; TRUE           ; Untyped                ;
; MAXIMIZE_SPEED         ; 5              ; Untyped                ;
; CBXI_PARAMETER         ; lpm_divide_vcm ; Untyped                ;
; CARRY_CHAIN            ; MANUAL         ; Untyped                ;
; OPTIMIZE_FOR_SPEED     ; 5              ; Untyped                ;
; AUTO_CARRY_CHAINS      ; ON             ; AUTO_CARRY             ;
; IGNORE_CARRY_BUFFERS   ; OFF            ; IGNORE_CARRY           ;
; AUTO_CASCADE_CHAINS    ; ON             ; AUTO_CASCADE           ;
; IGNORE_CASCADE_BUFFERS ; OFF            ; IGNORE_CASCADE         ;
+------------------------+----------------+------------------------+
Note: In order to hide this table in the UI and the text report file, please set the "Show Parameter Settings in Synthesis Report" option in "Analysis and Synthesis Settings -> More Settings" to "Off".


+------------------------------------------------------------------+
; Parameter Settings for Inferred Entity Instance: lpm_divide:Mod3 ;
+------------------------+----------------+------------------------+
; Parameter Name         ; Value          ; Type                   ;
+------------------------+----------------+------------------------+
; LPM_WIDTHN             ; 32             ; Untyped                ;
; LPM_WIDTHD             ; 4              ; Untyped                ;
; LPM_NREPRESENTATION    ; UNSIGNED       ; Untyped                ;
; LPM_DREPRESENTATION    ; UNSIGNED       ; Untyped                ;
; LPM_PIPELINE           ; 0              ; Untyped                ;
; LPM_REMAINDERPOSITIVE  ; TRUE           ; Untyped                ;
; MAXIMIZE_SPEED         ; 5              ; Untyped                ;
; CBXI_PARAMETER         ; lpm_divide_l3m ; Untyped                ;
; CARRY_CHAIN            ; MANUAL         ; Untyped                ;
; OPTIMIZE_FOR_SPEED     ; 5              ; Untyped                ;
; AUTO_CARRY_CHAINS      ; ON             ; AUTO_CARRY             ;
; IGNORE_CARRY_BUFFERS   ; OFF            ; IGNORE_CARRY           ;
; AUTO_CASCADE_CHAINS    ; ON             ; AUTO_CASCADE           ;
; IGNORE_CASCADE_BUFFERS ; OFF            ; IGNORE_CASCADE         ;
+------------------------+----------------+------------------------+
Note: In order to hide this table in the UI and the text report file, please set the "Show Parameter Settings in Synthesis Report" option in "Analysis and Synthesis Settings -> More Settings" to "Off".


+------------------------------------------------------------------+
; Parameter Settings for Inferred Entity Instance: lpm_divide:Div3 ;
+------------------------+----------------+------------------------+
; Parameter Name         ; Value          ; Type                   ;
+------------------------+----------------+------------------------+
; LPM_WIDTHN             ; 32             ; Untyped                ;
; LPM_WIDTHD             ; 13             ; Untyped                ;
; LPM_NREPRESENTATION    ; UNSIGNED       ; Untyped                ;
; LPM_DREPRESENTATION    ; UNSIGNED       ; Untyped                ;
; LPM_PIPELINE           ; 0              ; Untyped                ;
; LPM_REMAINDERPOSITIVE  ; TRUE           ; Untyped                ;
; MAXIMIZE_SPEED         ; 5              ; Untyped                ;
; CBXI_PARAMETER         ; lpm_divide_2dm ; Untyped                ;
; CARRY_CHAIN            ; MANUAL         ; Untyped                ;
; OPTIMIZE_FOR_SPEED     ; 5              ; Untyped                ;
; AUTO_CARRY_CHAINS      ; ON             ; AUTO_CARRY             ;
; IGNORE_CARRY_BUFFERS   ; OFF            ; IGNORE_CARRY           ;
; AUTO_CASCADE_CHAINS    ; ON             ; AUTO_CASCADE           ;
; IGNORE_CASCADE_BUFFERS ; OFF            ; IGNORE_CASCADE         ;
+------------------------+----------------+------------------------+
Note: In order to hide this table in the UI and the text report file, please set the "Show Parameter Settings in Synthesis Report" option in "Analysis and Synthesis Settings -> More Settings" to "Off".


+------------------------------------------------------------------+
; Parameter Settings for Inferred Entity Instance: lpm_divide:Mod4 ;
+------------------------+----------------+------------------------+
; Parameter Name         ; Value          ; Type                   ;
+------------------------+----------------+------------------------+
; LPM_WIDTHN             ; 32             ; Untyped                ;
; LPM_WIDTHD             ; 4              ; Untyped                ;
; LPM_NREPRESENTATION    ; UNSIGNED       ; Untyped                ;
; LPM_DREPRESENTATION    ; UNSIGNED       ; Untyped                ;
; LPM_PIPELINE           ; 0              ; Untyped                ;
; LPM_REMAINDERPOSITIVE  ; TRUE           ; Untyped                ;
; MAXIMIZE_SPEED         ; 5              ; Untyped                ;
; CBXI_PARAMETER         ; lpm_divide_l3m ; Untyped                ;
; CARRY_CHAIN            ; MANUAL         ; Untyped                ;
; OPTIMIZE_FOR_SPEED     ; 5              ; Untyped                ;
; AUTO_CARRY_CHAINS      ; ON             ; AUTO_CARRY             ;
; IGNORE_CARRY_BUFFERS   ; OFF            ; IGNORE_CARRY           ;
; AUTO_CASCADE_CHAINS    ; ON             ; AUTO_CASCADE           ;
; IGNORE_CASCADE_BUFFERS ; OFF            ; IGNORE_CASCADE         ;
+------------------------+----------------+------------------------+
Note: In order to hide this table in the UI and the text report file, please set the "Show Parameter Settings in Synthesis Report" option in "Analysis and Synthesis Settings -> More Settings" to "Off".


+-----------------------------------------------------+
; Post-Synthesis Netlist Statistics for Top Partition ;
+-----------------------+-----------------------------+
; Type                  ; Count                       ;
+-----------------------+-----------------------------+
; arriav_ff             ; 65                          ;
;     ENA CLR           ; 32                          ;
;     SCLR              ; 32                          ;
;     plain             ; 1                           ;
; arriav_lcell_comb     ; 3361                        ;
;     arith             ; 1883                        ;
;         0 data inputs ; 426                         ;
;         1 data inputs ; 275                         ;
;         2 data inputs ; 29                          ;
;         3 data inputs ; 771                         ;
;         4 data inputs ; 382                         ;
;     normal            ; 1417                        ;
;         0 data inputs ; 1                           ;
;         1 data inputs ; 9                           ;
;         2 data inputs ; 784                         ;
;         3 data inputs ; 430                         ;
;         4 data inputs ; 171                         ;
;         5 data inputs ; 15                          ;
;         6 data inputs ; 7                           ;
;     shared            ; 61                          ;
;         0 data inputs ; 15                          ;
;         1 data inputs ; 46                          ;
; boundary_port         ; 60                          ;
;                       ;                             ;
; Max LUT depth         ; 51.40                       ;
; Average LUT depth     ; 43.32                       ;
+-----------------------+-----------------------------+


+-------------------------------+
; Elapsed Time Per Partition    ;
+----------------+--------------+
; Partition Name ; Elapsed Time ;
+----------------+--------------+
; Top            ; 00:00:03     ;
+----------------+--------------+


+-------------------------------+
; Analysis & Synthesis Messages ;
+-------------------------------+
Info: *******************************************************************
Info: Running Quartus Prime Analysis & Synthesis
    Info: Version 19.1.0 Build 670 09/22/2019 SJ Lite Edition
    Info: Processing started: Mon Nov  4 18:52:16 2019
Info: Command: quartus_map --read_settings_files=on --write_settings_files=off ex1 -c ex1
Warning (18236): Number of processors has not been specified which may cause overloading on shared machines.  Set the global assignment NUM_PARALLEL_PROCESSORS in your QSF to an appropriate value for best performance.
Info (20030): Parallel compilation is enabled and will use 12 of the 12 processors detected
Warning (12125): Using design file ex1.v, which is not specified as a design file for the current project, but contains definitions for 2 design units and 2 entities in project
    Info (12023): Found entity 1: onesecond File: /home/mikowalik/Desktop/studia/informatyka/FPGA/assignment4/e1/ex1.v Line: 1
    Info (12023): Found entity 2: ex1 File: /home/mikowalik/Desktop/studia/informatyka/FPGA/assignment4/e1/ex1.v Line: 23
Info (12127): Elaborating entity "ex1" for the top level hierarchy
Warning (10027): Verilog HDL or VHDL warning at the ex1.v(73): index expression is not wide enough to address all of the elements in the array File: /home/mikowalik/Desktop/studia/informatyka/FPGA/assignment4/e1/ex1.v Line: 73
Info (12128): Elaborating entity "onesecond" for hierarchy "onesecond:s1" File: /home/mikowalik/Desktop/studia/informatyka/FPGA/assignment4/e1/ex1.v Line: 63
Info (278001): Inferred 9 megafunctions from design logic
    Info (278004): Inferred divider/modulo megafunction ("lpm_divide") from the following logic: "Mod0" File: /home/mikowalik/Desktop/studia/informatyka/FPGA/assignment4/e1/ex1.v Line: 72
    Info (278004): Inferred divider/modulo megafunction ("lpm_divide") from the following logic: "Div0" File: /home/mikowalik/Desktop/studia/informatyka/FPGA/assignment4/e1/ex1.v Line: 73
    Info (278004): Inferred divider/modulo megafunction ("lpm_divide") from the following logic: "Mod1" File: /home/mikowalik/Desktop/studia/informatyka/FPGA/assignment4/e1/ex1.v Line: 73
    Info (278004): Inferred divider/modulo megafunction ("lpm_divide") from the following logic: "Div1" File: /home/mikowalik/Desktop/studia/informatyka/FPGA/assignment4/e1/ex1.v Line: 75
    Info (278004): Inferred divider/modulo megafunction ("lpm_divide") from the following logic: "Mod2" File: /home/mikowalik/Desktop/studia/informatyka/FPGA/assignment4/e1/ex1.v Line: 75
    Info (278004): Inferred divider/modulo megafunction ("lpm_divide") from the following logic: "Div2" File: /home/mikowalik/Desktop/studia/informatyka/FPGA/assignment4/e1/ex1.v Line: 76
    Info (278004): Inferred divider/modulo megafunction ("lpm_divide") from the following logic: "Mod3" File: /home/mikowalik/Desktop/studia/informatyka/FPGA/assignment4/e1/ex1.v Line: 76
    Info (278004): Inferred divider/modulo megafunction ("lpm_divide") from the following logic: "Div3" File: /home/mikowalik/Desktop/studia/informatyka/FPGA/assignment4/e1/ex1.v Line: 77
    Info (278004): Inferred divider/modulo megafunction ("lpm_divide") from the following logic: "Mod4" File: /home/mikowalik/Desktop/studia/informatyka/FPGA/assignment4/e1/ex1.v Line: 77
Info (12130): Elaborated megafunction instantiation "lpm_divide:Mod0" File: /home/mikowalik/Desktop/studia/informatyka/FPGA/assignment4/e1/ex1.v Line: 72
Info (12133): Instantiated megafunction "lpm_divide:Mod0" with the following parameter: File: /home/mikowalik/Desktop/studia/informatyka/FPGA/assignment4/e1/ex1.v Line: 72
    Info (12134): Parameter "LPM_WIDTHN" = "32"
    Info (12134): Parameter "LPM_WIDTHD" = "4"
    Info (12134): Parameter "LPM_NREPRESENTATION" = "UNSIGNED"
    Info (12134): Parameter "LPM_DREPRESENTATION" = "UNSIGNED"
Info (12021): Found 1 design units, including 1 entities, in source file db/lpm_divide_l3m.tdf
    Info (12023): Found entity 1: lpm_divide_l3m File: /home/mikowalik/Desktop/studia/informatyka/FPGA/assignment4/e1/db/lpm_divide_l3m.tdf Line: 25
Info (12021): Found 1 design units, including 1 entities, in source file db/sign_div_unsign_olh.tdf
    Info (12023): Found entity 1: sign_div_unsign_olh File: /home/mikowalik/Desktop/studia/informatyka/FPGA/assignment4/e1/db/sign_div_unsign_olh.tdf Line: 25
Info (12021): Found 1 design units, including 1 entities, in source file db/alt_u_div_mve.tdf
    Info (12023): Found entity 1: alt_u_div_mve File: /home/mikowalik/Desktop/studia/informatyka/FPGA/assignment4/e1/db/alt_u_div_mve.tdf Line: 23
Info (12130): Elaborated megafunction instantiation "lpm_divide:Div0" File: /home/mikowalik/Desktop/studia/informatyka/FPGA/assignment4/e1/ex1.v Line: 73
Info (12133): Instantiated megafunction "lpm_divide:Div0" with the following parameter: File: /home/mikowalik/Desktop/studia/informatyka/FPGA/assignment4/e1/ex1.v Line: 73
    Info (12134): Parameter "LPM_WIDTHN" = "32"
    Info (12134): Parameter "LPM_WIDTHD" = "4"
    Info (12134): Parameter "LPM_NREPRESENTATION" = "UNSIGNED"
    Info (12134): Parameter "LPM_DREPRESENTATION" = "UNSIGNED"
Info (12021): Found 1 design units, including 1 entities, in source file db/lpm_divide_ibm.tdf
    Info (12023): Found entity 1: lpm_divide_ibm File: /home/mikowalik/Desktop/studia/informatyka/FPGA/assignment4/e1/db/lpm_divide_ibm.tdf Line: 25
Info (12130): Elaborated megafunction instantiation "lpm_divide:Mod1" File: /home/mikowalik/Desktop/studia/informatyka/FPGA/assignment4/e1/ex1.v Line: 73
Info (12133): Instantiated megafunction "lpm_divide:Mod1" with the following parameter: File: /home/mikowalik/Desktop/studia/informatyka/FPGA/assignment4/e1/ex1.v Line: 73
    Info (12134): Parameter "LPM_WIDTHN" = "32"
    Info (12134): Parameter "LPM_WIDTHD" = "3"
    Info (12134): Parameter "LPM_NREPRESENTATION" = "UNSIGNED"
    Info (12134): Parameter "LPM_DREPRESENTATION" = "UNSIGNED"
Info (12021): Found 1 design units, including 1 entities, in source file db/lpm_divide_k3m.tdf
    Info (12023): Found entity 1: lpm_divide_k3m File: /home/mikowalik/Desktop/studia/informatyka/FPGA/assignment4/e1/db/lpm_divide_k3m.tdf Line: 25
Info (12021): Found 1 design units, including 1 entities, in source file db/sign_div_unsign_nlh.tdf
    Info (12023): Found entity 1: sign_div_unsign_nlh File: /home/mikowalik/Desktop/studia/informatyka/FPGA/assignment4/e1/db/sign_div_unsign_nlh.tdf Line: 25
Info (12021): Found 1 design units, including 1 entities, in source file db/alt_u_div_kve.tdf
    Info (12023): Found entity 1: alt_u_div_kve File: /home/mikowalik/Desktop/studia/informatyka/FPGA/assignment4/e1/db/alt_u_div_kve.tdf Line: 23
Info (12130): Elaborated megafunction instantiation "lpm_divide:Div1" File: /home/mikowalik/Desktop/studia/informatyka/FPGA/assignment4/e1/ex1.v Line: 75
Info (12133): Instantiated megafunction "lpm_divide:Div1" with the following parameter: File: /home/mikowalik/Desktop/studia/informatyka/FPGA/assignment4/e1/ex1.v Line: 75
    Info (12134): Parameter "LPM_WIDTHN" = "32"
    Info (12134): Parameter "LPM_WIDTHD" = "6"
    Info (12134): Parameter "LPM_NREPRESENTATION" = "UNSIGNED"
    Info (12134): Parameter "LPM_DREPRESENTATION" = "UNSIGNED"
Info (12021): Found 1 design units, including 1 entities, in source file db/lpm_divide_kbm.tdf
    Info (12023): Found entity 1: lpm_divide_kbm File: /home/mikowalik/Desktop/studia/informatyka/FPGA/assignment4/e1/db/lpm_divide_kbm.tdf Line: 25
Info (12021): Found 1 design units, including 1 entities, in source file db/sign_div_unsign_qlh.tdf
    Info (12023): Found entity 1: sign_div_unsign_qlh File: /home/mikowalik/Desktop/studia/informatyka/FPGA/assignment4/e1/db/sign_div_unsign_qlh.tdf Line: 25
Info (12021): Found 1 design units, including 1 entities, in source file db/alt_u_div_qve.tdf
    Info (12023): Found entity 1: alt_u_div_qve File: /home/mikowalik/Desktop/studia/informatyka/FPGA/assignment4/e1/db/alt_u_div_qve.tdf Line: 23
Info (12130): Elaborated megafunction instantiation "lpm_divide:Div2" File: /home/mikowalik/Desktop/studia/informatyka/FPGA/assignment4/e1/ex1.v Line: 76
Info (12133): Instantiated megafunction "lpm_divide:Div2" with the following parameter: File: /home/mikowalik/Desktop/studia/informatyka/FPGA/assignment4/e1/ex1.v Line: 76
    Info (12134): Parameter "LPM_WIDTHN" = "32"
    Info (12134): Parameter "LPM_WIDTHD" = "10"
    Info (12134): Parameter "LPM_NREPRESENTATION" = "UNSIGNED"
    Info (12134): Parameter "LPM_DREPRESENTATION" = "UNSIGNED"
Info (12021): Found 1 design units, including 1 entities, in source file db/lpm_divide_vcm.tdf
    Info (12023): Found entity 1: lpm_divide_vcm File: /home/mikowalik/Desktop/studia/informatyka/FPGA/assignment4/e1/db/lpm_divide_vcm.tdf Line: 25
Info (12021): Found 1 design units, including 1 entities, in source file db/sign_div_unsign_5nh.tdf
    Info (12023): Found entity 1: sign_div_unsign_5nh File: /home/mikowalik/Desktop/studia/informatyka/FPGA/assignment4/e1/db/sign_div_unsign_5nh.tdf Line: 25
Info (12021): Found 1 design units, including 1 entities, in source file db/alt_u_div_g2f.tdf
    Info (12023): Found entity 1: alt_u_div_g2f File: /home/mikowalik/Desktop/studia/informatyka/FPGA/assignment4/e1/db/alt_u_div_g2f.tdf Line: 23
Info (12130): Elaborated megafunction instantiation "lpm_divide:Div3" File: /home/mikowalik/Desktop/studia/informatyka/FPGA/assignment4/e1/ex1.v Line: 77
Info (12133): Instantiated megafunction "lpm_divide:Div3" with the following parameter: File: /home/mikowalik/Desktop/studia/informatyka/FPGA/assignment4/e1/ex1.v Line: 77
    Info (12134): Parameter "LPM_WIDTHN" = "32"
    Info (12134): Parameter "LPM_WIDTHD" = "13"
    Info (12134): Parameter "LPM_NREPRESENTATION" = "UNSIGNED"
    Info (12134): Parameter "LPM_DREPRESENTATION" = "UNSIGNED"
Info (12021): Found 1 design units, including 1 entities, in source file db/lpm_divide_2dm.tdf
    Info (12023): Found entity 1: lpm_divide_2dm File: /home/mikowalik/Desktop/studia/informatyka/FPGA/assignment4/e1/db/lpm_divide_2dm.tdf Line: 25
Info (12021): Found 1 design units, including 1 entities, in source file db/sign_div_unsign_8nh.tdf
    Info (12023): Found entity 1: sign_div_unsign_8nh File: /home/mikowalik/Desktop/studia/informatyka/FPGA/assignment4/e1/db/sign_div_unsign_8nh.tdf Line: 25
Info (12021): Found 1 design units, including 1 entities, in source file db/alt_u_div_m2f.tdf
    Info (12023): Found entity 1: alt_u_div_m2f File: /home/mikowalik/Desktop/studia/informatyka/FPGA/assignment4/e1/db/alt_u_div_m2f.tdf Line: 23
Warning (13024): Output pins are stuck at VCC or GND
    Warning (13410): Pin "HEX2[0]" is stuck at VCC File: /home/mikowalik/Desktop/studia/informatyka/FPGA/assignment4/e1/ex1.v Line: 34
    Warning (13410): Pin "HEX2[1]" is stuck at VCC File: /home/mikowalik/Desktop/studia/informatyka/FPGA/assignment4/e1/ex1.v Line: 34
    Warning (13410): Pin "HEX2[2]" is stuck at VCC File: /home/mikowalik/Desktop/studia/informatyka/FPGA/assignment4/e1/ex1.v Line: 34
    Warning (13410): Pin "HEX2[3]" is stuck at VCC File: /home/mikowalik/Desktop/studia/informatyka/FPGA/assignment4/e1/ex1.v Line: 34
    Warning (13410): Pin "HEX2[4]" is stuck at VCC File: /home/mikowalik/Desktop/studia/informatyka/FPGA/assignment4/e1/ex1.v Line: 34
    Warning (13410): Pin "HEX2[5]" is stuck at VCC File: /home/mikowalik/Desktop/studia/informatyka/FPGA/assignment4/e1/ex1.v Line: 34
    Warning (13410): Pin "HEX2[6]" is stuck at VCC File: /home/mikowalik/Desktop/studia/informatyka/FPGA/assignment4/e1/ex1.v Line: 34
Info (286030): Timing-Driven Synthesis is running
Info (16010): Generating hard_block partition "hard_block:auto_generated_inst"
    Info (16011): Adding 0 node(s), including 0 DDIO, 0 PLL, 0 transceiver and 0 LCELL
Warning (21074): Design contains 15 input pin(s) that do not drive logic
    Warning (15610): No output dependent on input pin "CLOCK2_50" File: /home/mikowalik/Desktop/studia/informatyka/FPGA/assignment4/e1/ex1.v Line: 26
    Warning (15610): No output dependent on input pin "CLOCK3_50" File: /home/mikowalik/Desktop/studia/informatyka/FPGA/assignment4/e1/ex1.v Line: 27
    Warning (15610): No output dependent on input pin "CLOCK4_50" File: /home/mikowalik/Desktop/studia/informatyka/FPGA/assignment4/e1/ex1.v Line: 28
    Warning (15610): No output dependent on input pin "KEY[1]" File: /home/mikowalik/Desktop/studia/informatyka/FPGA/assignment4/e1/ex1.v Line: 40
    Warning (15610): No output dependent on input pin "KEY[2]" File: /home/mikowalik/Desktop/studia/informatyka/FPGA/assignment4/e1/ex1.v Line: 40
    Warning (15610): No output dependent on input pin "KEY[3]" File: /home/mikowalik/Desktop/studia/informatyka/FPGA/assignment4/e1/ex1.v Line: 40
    Warning (15610): No output dependent on input pin "SW[1]" File: /home/mikowalik/Desktop/studia/informatyka/FPGA/assignment4/e1/ex1.v Line: 44
    Warning (15610): No output dependent on input pin "SW[2]" File: /home/mikowalik/Desktop/studia/informatyka/FPGA/assignment4/e1/ex1.v Line: 44
    Warning (15610): No output dependent on input pin "SW[3]" File: /home/mikowalik/Desktop/studia/informatyka/FPGA/assignment4/e1/ex1.v Line: 44
    Warning (15610): No output dependent on input pin "SW[4]" File: /home/mikowalik/Desktop/studia/informatyka/FPGA/assignment4/e1/ex1.v Line: 44
    Warning (15610): No output dependent on input pin "SW[5]" File: /home/mikowalik/Desktop/studia/informatyka/FPGA/assignment4/e1/ex1.v Line: 44
    Warning (15610): No output dependent on input pin "SW[6]" File: /home/mikowalik/Desktop/studia/informatyka/FPGA/assignment4/e1/ex1.v Line: 44
    Warning (15610): No output dependent on input pin "SW[7]" File: /home/mikowalik/Desktop/studia/informatyka/FPGA/assignment4/e1/ex1.v Line: 44
    Warning (15610): No output dependent on input pin "SW[8]" File: /home/mikowalik/Desktop/studia/informatyka/FPGA/assignment4/e1/ex1.v Line: 44
    Warning (15610): No output dependent on input pin "SW[9]" File: /home/mikowalik/Desktop/studia/informatyka/FPGA/assignment4/e1/ex1.v Line: 44
Info (21057): Implemented 3444 device resources after synthesis - the final resource count might be different
    Info (21058): Implemented 18 input pins
    Info (21059): Implemented 42 output pins
    Info (21061): Implemented 3384 logic cells
Info: Quartus Prime Analysis & Synthesis was successful. 0 errors, 27 warnings
    Info: Peak virtual memory: 1134 megabytes
    Info: Processing ended: Mon Nov  4 18:52:26 2019
    Info: Elapsed time: 00:00:10
    Info: Total CPU time (on all processors): 00:00:19


